<?xml version="1.0" encoding="UTF-8"?>
<!-- Generated by org.testng.reporters.JUnitXMLReporter -->
<testsuite hostname="FSSMUMD841" name="Test" tests="53" failures="2" timestamp="11 Jun 2018 09:07:38 GMT" time="1198.728" errors="0">
  <testcase name="login" time="44.102" classname="cms.tcases.Login_tc"/>
  <testcase name="viewGroup" time="43.032" classname="cms.tcases.Group_tc"/>
  <testcase name="viewNewGroup" time="13.353" classname="cms.tcases.Group_tc"/>
  <testcase name="group" time="21.847" classname="cms.tcases.Group_tc"/>
  <testcase name="group" time="21.765" classname="cms.tcases.Group_tc"/>
  <testcase name="searchNewGroup" time="7.108" classname="cms.tcases.Group_tc"/>
  <testcase name="searchNewGroup" time="7.048" classname="cms.tcases.Group_tc"/>
  <testcase name="verifyAlert" time="15.505" classname="cms.tcases.Group_tc"/>
  <testcase name="logout" time="2.06" classname="cms.tcases.Group_tc"/>
  <testcase name="verify_userpage1" time="33.253" classname="cms.tcases.User_tc"/>
  <testcase name="verify_userpage2" time="17.337" classname="cms.tcases.User_tc"/>
  <testcase name="add_user" time="8.167" classname="cms.tcases.User_tc">
    <failure type="atu.testng.reports.exceptions.ATUReporterStepFailedException">
      <![CDATA[[ATU Custom Reporter Step Failed Exception]
	at atu.testng.reports.listeners.ATUReportsListener.onTestSuccess(Unknown Source)
... Removed 21 stack frames]]>
    </failure>
  </testcase> <!-- add_user -->
  <testcase name="search_user" time="35.556" classname="cms.tcases.User_tc">
    <failure type="atu.testng.reports.exceptions.ATUReporterStepFailedException">
      <![CDATA[[ATU Custom Reporter Step Failed Exception]
	at atu.testng.reports.listeners.ATUReportsListener.onTestSuccess(Unknown Source)
... Removed 21 stack frames]]>
    </failure>
  </testcase> <!-- search_user -->
  <testcase name="search_user" time="5.245" classname="cms.tcases.User_tc"/>
  <testcase name="logout" time="1.971" classname="cms.tcases.User_tc"/>
  <testcase name="rrnScreenVerify" time="30.45" classname="cms.tcases.RRNSearch_tc"/>
  <testcase name="rrnSearch" time="42.499" classname="cms.tcases.RRNSearch_tc"/>
  <testcase name="logout" time="2.006" classname="cms.tcases.RRNSearch_tc"/>
  <testcase name="createCallpage1" time="55.583" classname="cms.tcases.CreateCall_tc"/>
  <testcase name="createCallpage2" time="10.261" classname="cms.tcases.CreateCall_tc"/>
  <testcase name="createCall" time="9.243" classname="cms.tcases.CreateCall_tc"/>
  <testcase name="Login" time="21.899" classname="cms.tcases.Edit_Account_tc"/>
  <testcase name="EditAccount" time="94.028" classname="cms.tcases.Edit_Account_tc"/>
  <testcase name="Logout" time="4.687" classname="cms.tcases.Edit_Account_tc"/>
  <testcase name="screenVerify" time="36.344" classname="cms.tcases.Card_Status_tc"/>
  <testcase name="card_Status_Change" time="8.175" classname="cms.tcases.Card_Status_tc"/>
  <testcase name="activate" time="14.809" classname="cms.tcases.Card_Status_tc"/>
  <testcase name="card_Status_Change1" time="8.198" classname="cms.tcases.Card_Status_tc"/>
  <testcase name="callClose" time="5.625" classname="cms.tcases.Card_Status_tc"/>
  <testcase name="viewfeeplan" time="32.916" classname="cms.tcases.FeePlan_tc"/>
  <testcase name="editfeeplan" time="5.24" classname="cms.tcases.FeePlan_tc"/>
  <testcase name="editfeeplan" time="5.115" classname="cms.tcases.FeePlan_tc"/>
  <testcase name="editfeeplan" time="5.066" classname="cms.tcases.FeePlan_tc"/>
  <testcase name="editfeeplan" time="5.237" classname="cms.tcases.FeePlan_tc"/>
  <testcase name="callClose" time="5.15" classname="cms.tcases.FeePlan_tc"/>
  <testcase name="Limits" time="51.497" classname="cms.tcases.Limit_tc"/>
  <testcase name="Login" time="23.271" classname="cms.tcases.Services_tc"/>
  <testcase name="VerifyStatement" time="60.898" classname="cms.tcases.Services_tc"/>
  <testcase name="ViewStatement" time="35.749" classname="cms.tcases.Services_tc"/>
  <testcase name="ViewStatement" time="35.745" classname="cms.tcases.Services_tc"/>
  <testcase name="ViewStatement" time="35.5" classname="cms.tcases.Services_tc"/>
  <testcase name="ViewStatement" time="35.562" classname="cms.tcases.Services_tc"/>
  <testcase name="Logout" time="4.649" classname="cms.tcases.Services_tc"/>
  <testcase name="kittokitpage1" time="37.089" classname="cms.tcases.KitToKit_tc"/>
  <testcase name="kittokit1" time="2.824" classname="cms.tcases.KitToKit_tc"/>
  <testcase name="kittokit2" time="73.364" classname="cms.tcases.KitToKit_tc"/>
  <testcase name="callClose" time="5.376" classname="cms.tcases.KitToKit_tc"/>
  <testcase name="comments" time="39.951" classname="cms.tcases.Comments_tc"/>
  <testcase name="verifyLink" time="9.049" classname="cms.tcases.Comments_tc"/>
  <testcase name="viewMySetUp" time="41.327" classname="cms.tcases.MySetUp_tc"/>
  <testcase name="MySetUp" time="12.045" classname="cms.tcases.MySetUp_tc"/>
  <testcase name="MySetUp" time="12.525" classname="cms.tcases.MySetUp_tc"/>
  <testcase name="logout" time="1.883" classname="cms.tcases.MySetUp_tc"/>
</testsuite> <!-- Test -->
