<?xml version="1.0" encoding="UTF-8"?>
<!-- Generated by org.testng.reporters.JUnitXMLReporter -->
<testsuite hostname="Mary-PC" name="TestCase1" tests="3" failures="1" timestamp="11 Mar 2019 02:27:17 GMT" time="0.053" errors="0">
  <testcase name="searchIphone" time="0.006" classname="testcase.TestNGFrstCase"/>
  <testcase name="AddtoCart" time="0.004" classname="testcase.TestNGFrstCase">
    <failure type="java.lang.AssertionError" message="expected [John] but found [Cris]">
      <![CDATA[java.lang.AssertionError: expected [John] but found [Cris]
	at testcase.TestNGFrstCase.AddtoCart(TestNGFrstCase.java:33)
... Removed 30 stack frames]]>
    </failure>
  </testcase> <!-- AddtoCart -->
  <testcase name="OrderIphone" time="0.0" classname="testcase.TestNGFrstCase">
    <skipped/>
  </testcase> <!-- OrderIphone -->
</testsuite> <!-- TestCase1 -->
