<?xml version="1.0" encoding="UTF-8"?>
<testng-results skipped="0" failed="0" total="53" passed="53">
  <reporter-output>
    <line>
      <![CDATA[STEP1]]>
    </line>
    <line>
      <![CDATA[STEP2]]>
    </line>
    <line>
      <![CDATA[STEP3]]>
    </line>
    <line>
      <![CDATA[STEP4]]>
    </line>
    <line>
      <![CDATA[STEP5]]>
    </line>
    <line>
      <![CDATA[STEP6]]>
    </line>
    <line>
      <![CDATA[STEP7]]>
    </line>
    <line>
      <![CDATA[STEP8]]>
    </line>
    <line>
      <![CDATA[STEP9]]>
    </line>
    <line>
      <![CDATA[STEP10]]>
    </line>
    <line>
      <![CDATA[STEP11]]>
    </line>
    <line>
      <![CDATA[STEP12]]>
    </line>
    <line>
      <![CDATA[STEP13]]>
    </line>
    <line>
      <![CDATA[STEP14]]>
    </line>
    <line>
      <![CDATA[STEP15]]>
    </line>
    <line>
      <![CDATA[STEP16]]>
    </line>
    <line>
      <![CDATA[STEP17]]>
    </line>
    <line>
      <![CDATA[STEP18]]>
    </line>
    <line>
      <![CDATA[STEP19]]>
    </line>
    <line>
      <![CDATA[STEP20]]>
    </line>
    <line>
      <![CDATA[STEP21]]>
    </line>
    <line>
      <![CDATA[STEP22]]>
    </line>
    <line>
      <![CDATA[STEP23]]>
    </line>
    <line>
      <![CDATA[STEP24]]>
    </line>
    <line>
      <![CDATA[STEP25]]>
    </line>
    <line>
      <![CDATA[STEP26]]>
    </line>
    <line>
      <![CDATA[STEP27]]>
    </line>
    <line>
      <![CDATA[STEP28]]>
    </line>
    <line>
      <![CDATA[STEP29]]>
    </line>
    <line>
      <![CDATA[STEP30]]>
    </line>
    <line>
      <![CDATA[STEP31]]>
    </line>
    <line>
      <![CDATA[STEP32]]>
    </line>
    <line>
      <![CDATA[STEP33]]>
    </line>
    <line>
      <![CDATA[STEP34]]>
    </line>
    <line>
      <![CDATA[STEP35]]>
    </line>
    <line>
      <![CDATA[STEP36]]>
    </line>
    <line>
      <![CDATA[STEP37]]>
    </line>
    <line>
      <![CDATA[STEP38]]>
    </line>
    <line>
      <![CDATA[STEP39]]>
    </line>
    <line>
      <![CDATA[STEP40]]>
    </line>
    <line>
      <![CDATA[STEP41]]>
    </line>
    <line>
      <![CDATA[STEP42]]>
    </line>
    <line>
      <![CDATA[STEP43]]>
    </line>
    <line>
      <![CDATA[STEP44]]>
    </line>
    <line>
      <![CDATA[STEP45]]>
    </line>
    <line>
      <![CDATA[STEP46]]>
    </line>
    <line>
      <![CDATA[STEP47]]>
    </line>
    <line>
      <![CDATA[STEP48]]>
    </line>
    <line>
      <![CDATA[STEP49]]>
    </line>
    <line>
      <![CDATA[STEP50]]>
    </line>
    <line>
      <![CDATA[STEP51]]>
    </line>
    <line>
      <![CDATA[STEP52]]>
    </line>
    <line>
      <![CDATA[STEP53]]>
    </line>
    <line>
      <![CDATA[STEP54]]>
    </line>
    <line>
      <![CDATA[STEP55]]>
    </line>
    <line>
      <![CDATA[STEP56]]>
    </line>
    <line>
      <![CDATA[STEP57]]>
    </line>
    <line>
      <![CDATA[STEP58]]>
    </line>
    <line>
      <![CDATA[STEP59]]>
    </line>
    <line>
      <![CDATA[STEP60]]>
    </line>
    <line>
      <![CDATA[STEP61]]>
    </line>
    <line>
      <![CDATA[STEP62]]>
    </line>
    <line>
      <![CDATA[STEP63]]>
    </line>
    <line>
      <![CDATA[STEP64]]>
    </line>
    <line>
      <![CDATA[STEP65]]>
    </line>
    <line>
      <![CDATA[STEP66]]>
    </line>
    <line>
      <![CDATA[STEP67]]>
    </line>
    <line>
      <![CDATA[STEP68]]>
    </line>
    <line>
      <![CDATA[STEP69]]>
    </line>
    <line>
      <![CDATA[STEP70]]>
    </line>
    <line>
      <![CDATA[STEP71]]>
    </line>
    <line>
      <![CDATA[STEP72]]>
    </line>
    <line>
      <![CDATA[STEP73]]>
    </line>
    <line>
      <![CDATA[STEP74]]>
    </line>
    <line>
      <![CDATA[STEP75]]>
    </line>
    <line>
      <![CDATA[STEP76]]>
    </line>
    <line>
      <![CDATA[STEP77]]>
    </line>
    <line>
      <![CDATA[STEP78]]>
    </line>
    <line>
      <![CDATA[STEP79]]>
    </line>
    <line>
      <![CDATA[STEP80]]>
    </line>
    <line>
      <![CDATA[STEP81]]>
    </line>
    <line>
      <![CDATA[STEP82]]>
    </line>
    <line>
      <![CDATA[STEP83]]>
    </line>
    <line>
      <![CDATA[STEP84]]>
    </line>
    <line>
      <![CDATA[STEP85]]>
    </line>
    <line>
      <![CDATA[STEP86]]>
    </line>
    <line>
      <![CDATA[STEP87]]>
    </line>
    <line>
      <![CDATA[STEP88]]>
    </line>
    <line>
      <![CDATA[STEP89]]>
    </line>
    <line>
      <![CDATA[STEP90]]>
    </line>
    <line>
      <![CDATA[STEP91]]>
    </line>
    <line>
      <![CDATA[STEP92]]>
    </line>
    <line>
      <![CDATA[STEP93]]>
    </line>
    <line>
      <![CDATA[STEP94]]>
    </line>
    <line>
      <![CDATA[STEP95]]>
    </line>
    <line>
      <![CDATA[STEP96]]>
    </line>
    <line>
      <![CDATA[STEP97]]>
    </line>
    <line>
      <![CDATA[STEP98]]>
    </line>
    <line>
      <![CDATA[STEP99]]>
    </line>
    <line>
      <![CDATA[STEP100]]>
    </line>
    <line>
      <![CDATA[STEP101]]>
    </line>
    <line>
      <![CDATA[STEP102]]>
    </line>
    <line>
      <![CDATA[STEP103]]>
    </line>
    <line>
      <![CDATA[STEP104]]>
    </line>
    <line>
      <![CDATA[STEP105]]>
    </line>
    <line>
      <![CDATA[STEP106]]>
    </line>
    <line>
      <![CDATA[STEP107]]>
    </line>
    <line>
      <![CDATA[STEP108]]>
    </line>
    <line>
      <![CDATA[STEP109]]>
    </line>
    <line>
      <![CDATA[STEP110]]>
    </line>
    <line>
      <![CDATA[STEP111]]>
    </line>
    <line>
      <![CDATA[STEP112]]>
    </line>
    <line>
      <![CDATA[STEP113]]>
    </line>
    <line>
      <![CDATA[STEP114]]>
    </line>
    <line>
      <![CDATA[STEP115]]>
    </line>
    <line>
      <![CDATA[STEP116]]>
    </line>
    <line>
      <![CDATA[STEP117]]>
    </line>
    <line>
      <![CDATA[STEP118]]>
    </line>
    <line>
      <![CDATA[STEP119]]>
    </line>
    <line>
      <![CDATA[STEP120]]>
    </line>
    <line>
      <![CDATA[STEP121]]>
    </line>
    <line>
      <![CDATA[STEP122]]>
    </line>
    <line>
      <![CDATA[STEP123]]>
    </line>
    <line>
      <![CDATA[STEP124]]>
    </line>
    <line>
      <![CDATA[STEP125]]>
    </line>
    <line>
      <![CDATA[STEP126]]>
    </line>
    <line>
      <![CDATA[STEP127]]>
    </line>
    <line>
      <![CDATA[STEP128]]>
    </line>
    <line>
      <![CDATA[STEP129]]>
    </line>
    <line>
      <![CDATA[STEP130]]>
    </line>
    <line>
      <![CDATA[STEP131]]>
    </line>
    <line>
      <![CDATA[STEP132]]>
    </line>
    <line>
      <![CDATA[STEP133]]>
    </line>
    <line>
      <![CDATA[STEP134]]>
    </line>
    <line>
      <![CDATA[STEP135]]>
    </line>
    <line>
      <![CDATA[STEP136]]>
    </line>
    <line>
      <![CDATA[STEP137]]>
    </line>
    <line>
      <![CDATA[STEP138]]>
    </line>
    <line>
      <![CDATA[STEP139]]>
    </line>
    <line>
      <![CDATA[STEP140]]>
    </line>
    <line>
      <![CDATA[STEP141]]>
    </line>
    <line>
      <![CDATA[STEP142]]>
    </line>
    <line>
      <![CDATA[STEP143]]>
    </line>
    <line>
      <![CDATA[STEP144]]>
    </line>
    <line>
      <![CDATA[STEP145]]>
    </line>
    <line>
      <![CDATA[STEP146]]>
    </line>
    <line>
      <![CDATA[STEP147]]>
    </line>
    <line>
      <![CDATA[STEP148]]>
    </line>
    <line>
      <![CDATA[STEP149]]>
    </line>
    <line>
      <![CDATA[STEP150]]>
    </line>
    <line>
      <![CDATA[STEP151]]>
    </line>
    <line>
      <![CDATA[STEP152]]>
    </line>
    <line>
      <![CDATA[STEP153]]>
    </line>
    <line>
      <![CDATA[STEP154]]>
    </line>
    <line>
      <![CDATA[STEP155]]>
    </line>
    <line>
      <![CDATA[STEP156]]>
    </line>
    <line>
      <![CDATA[STEP157]]>
    </line>
    <line>
      <![CDATA[STEP158]]>
    </line>
    <line>
      <![CDATA[STEP159]]>
    </line>
    <line>
      <![CDATA[STEP160]]>
    </line>
    <line>
      <![CDATA[STEP161]]>
    </line>
    <line>
      <![CDATA[STEP162]]>
    </line>
    <line>
      <![CDATA[STEP163]]>
    </line>
    <line>
      <![CDATA[STEP164]]>
    </line>
    <line>
      <![CDATA[STEP165]]>
    </line>
    <line>
      <![CDATA[STEP166]]>
    </line>
    <line>
      <![CDATA[STEP167]]>
    </line>
    <line>
      <![CDATA[STEP168]]>
    </line>
    <line>
      <![CDATA[STEP169]]>
    </line>
    <line>
      <![CDATA[STEP170]]>
    </line>
    <line>
      <![CDATA[STEP171]]>
    </line>
    <line>
      <![CDATA[STEP172]]>
    </line>
    <line>
      <![CDATA[STEP173]]>
    </line>
    <line>
      <![CDATA[STEP174]]>
    </line>
    <line>
      <![CDATA[STEP175]]>
    </line>
    <line>
      <![CDATA[STEP176]]>
    </line>
    <line>
      <![CDATA[STEP177]]>
    </line>
    <line>
      <![CDATA[STEP178]]>
    </line>
    <line>
      <![CDATA[STEP179]]>
    </line>
    <line>
      <![CDATA[STEP180]]>
    </line>
    <line>
      <![CDATA[STEP181]]>
    </line>
    <line>
      <![CDATA[STEP182]]>
    </line>
    <line>
      <![CDATA[STEP183]]>
    </line>
    <line>
      <![CDATA[STEP184]]>
    </line>
    <line>
      <![CDATA[STEP185]]>
    </line>
    <line>
      <![CDATA[STEP186]]>
    </line>
    <line>
      <![CDATA[STEP187]]>
    </line>
    <line>
      <![CDATA[STEP188]]>
    </line>
    <line>
      <![CDATA[STEP189]]>
    </line>
    <line>
      <![CDATA[STEP190]]>
    </line>
    <line>
      <![CDATA[STEP191]]>
    </line>
    <line>
      <![CDATA[STEP192]]>
    </line>
    <line>
      <![CDATA[STEP193]]>
    </line>
    <line>
      <![CDATA[STEP194]]>
    </line>
    <line>
      <![CDATA[STEP195]]>
    </line>
    <line>
      <![CDATA[STEP196]]>
    </line>
    <line>
      <![CDATA[STEP197]]>
    </line>
    <line>
      <![CDATA[STEP198]]>
    </line>
    <line>
      <![CDATA[STEP199]]>
    </line>
    <line>
      <![CDATA[STEP200]]>
    </line>
    <line>
      <![CDATA[STEP201]]>
    </line>
    <line>
      <![CDATA[STEP202]]>
    </line>
    <line>
      <![CDATA[STEP203]]>
    </line>
    <line>
      <![CDATA[STEP204]]>
    </line>
    <line>
      <![CDATA[STEP205]]>
    </line>
    <line>
      <![CDATA[STEP206]]>
    </line>
    <line>
      <![CDATA[STEP207]]>
    </line>
    <line>
      <![CDATA[STEP208]]>
    </line>
    <line>
      <![CDATA[STEP209]]>
    </line>
    <line>
      <![CDATA[STEP210]]>
    </line>
    <line>
      <![CDATA[STEP211]]>
    </line>
    <line>
      <![CDATA[STEP212]]>
    </line>
    <line>
      <![CDATA[STEP213]]>
    </line>
    <line>
      <![CDATA[STEP214]]>
    </line>
    <line>
      <![CDATA[STEP215]]>
    </line>
    <line>
      <![CDATA[STEP216]]>
    </line>
    <line>
      <![CDATA[STEP217]]>
    </line>
    <line>
      <![CDATA[STEP218]]>
    </line>
    <line>
      <![CDATA[STEP219]]>
    </line>
    <line>
      <![CDATA[STEP220]]>
    </line>
    <line>
      <![CDATA[STEP221]]>
    </line>
    <line>
      <![CDATA[STEP222]]>
    </line>
    <line>
      <![CDATA[STEP223]]>
    </line>
    <line>
      <![CDATA[STEP224]]>
    </line>
    <line>
      <![CDATA[STEP225]]>
    </line>
    <line>
      <![CDATA[STEP226]]>
    </line>
    <line>
      <![CDATA[STEP227]]>
    </line>
    <line>
      <![CDATA[STEP228]]>
    </line>
    <line>
      <![CDATA[STEP229]]>
    </line>
    <line>
      <![CDATA[STEP230]]>
    </line>
    <line>
      <![CDATA[STEP231]]>
    </line>
    <line>
      <![CDATA[STEP232]]>
    </line>
    <line>
      <![CDATA[STEP233]]>
    </line>
    <line>
      <![CDATA[STEP234]]>
    </line>
    <line>
      <![CDATA[STEP235]]>
    </line>
    <line>
      <![CDATA[STEP236]]>
    </line>
    <line>
      <![CDATA[STEP237]]>
    </line>
    <line>
      <![CDATA[STEP238]]>
    </line>
    <line>
      <![CDATA[STEP239]]>
    </line>
    <line>
      <![CDATA[STEP240]]>
    </line>
    <line>
      <![CDATA[STEP241]]>
    </line>
    <line>
      <![CDATA[STEP242]]>
    </line>
    <line>
      <![CDATA[STEP243]]>
    </line>
    <line>
      <![CDATA[STEP244]]>
    </line>
    <line>
      <![CDATA[STEP245]]>
    </line>
    <line>
      <![CDATA[STEP246]]>
    </line>
    <line>
      <![CDATA[STEP247]]>
    </line>
    <line>
      <![CDATA[STEP248]]>
    </line>
    <line>
      <![CDATA[STEP249]]>
    </line>
    <line>
      <![CDATA[STEP250]]>
    </line>
    <line>
      <![CDATA[STEP251]]>
    </line>
    <line>
      <![CDATA[STEP252]]>
    </line>
    <line>
      <![CDATA[STEP253]]>
    </line>
    <line>
      <![CDATA[STEP254]]>
    </line>
    <line>
      <![CDATA[STEP255]]>
    </line>
    <line>
      <![CDATA[STEP256]]>
    </line>
    <line>
      <![CDATA[STEP257]]>
    </line>
    <line>
      <![CDATA[STEP258]]>
    </line>
    <line>
      <![CDATA[STEP259]]>
    </line>
    <line>
      <![CDATA[STEP260]]>
    </line>
    <line>
      <![CDATA[STEP261]]>
    </line>
    <line>
      <![CDATA[STEP262]]>
    </line>
    <line>
      <![CDATA[STEP263]]>
    </line>
    <line>
      <![CDATA[STEP264]]>
    </line>
    <line>
      <![CDATA[STEP265]]>
    </line>
    <line>
      <![CDATA[STEP266]]>
    </line>
    <line>
      <![CDATA[STEP267]]>
    </line>
    <line>
      <![CDATA[STEP268]]>
    </line>
    <line>
      <![CDATA[STEP269]]>
    </line>
    <line>
      <![CDATA[STEP270]]>
    </line>
    <line>
      <![CDATA[STEP271]]>
    </line>
    <line>
      <![CDATA[STEP272]]>
    </line>
    <line>
      <![CDATA[STEP273]]>
    </line>
    <line>
      <![CDATA[STEP274]]>
    </line>
    <line>
      <![CDATA[STEP275]]>
    </line>
    <line>
      <![CDATA[STEP276]]>
    </line>
    <line>
      <![CDATA[STEP277]]>
    </line>
    <line>
      <![CDATA[STEP278]]>
    </line>
    <line>
      <![CDATA[STEP279]]>
    </line>
    <line>
      <![CDATA[STEP280]]>
    </line>
    <line>
      <![CDATA[STEP281]]>
    </line>
    <line>
      <![CDATA[STEP282]]>
    </line>
    <line>
      <![CDATA[STEP283]]>
    </line>
    <line>
      <![CDATA[STEP284]]>
    </line>
    <line>
      <![CDATA[STEP285]]>
    </line>
    <line>
      <![CDATA[STEP286]]>
    </line>
    <line>
      <![CDATA[STEP287]]>
    </line>
    <line>
      <![CDATA[STEP288]]>
    </line>
    <line>
      <![CDATA[STEP289]]>
    </line>
    <line>
      <![CDATA[STEP290]]>
    </line>
    <line>
      <![CDATA[STEP291]]>
    </line>
    <line>
      <![CDATA[STEP292]]>
    </line>
    <line>
      <![CDATA[STEP293]]>
    </line>
    <line>
      <![CDATA[STEP294]]>
    </line>
    <line>
      <![CDATA[STEP295]]>
    </line>
    <line>
      <![CDATA[STEP296]]>
    </line>
    <line>
      <![CDATA[STEP297]]>
    </line>
    <line>
      <![CDATA[STEP298]]>
    </line>
    <line>
      <![CDATA[STEP299]]>
    </line>
    <line>
      <![CDATA[STEP300]]>
    </line>
    <line>
      <![CDATA[STEP301]]>
    </line>
    <line>
      <![CDATA[STEP302]]>
    </line>
    <line>
      <![CDATA[STEP303]]>
    </line>
    <line>
      <![CDATA[STEP304]]>
    </line>
    <line>
      <![CDATA[STEP305]]>
    </line>
    <line>
      <![CDATA[STEP306]]>
    </line>
    <line>
      <![CDATA[STEP307]]>
    </line>
    <line>
      <![CDATA[STEP308]]>
    </line>
    <line>
      <![CDATA[STEP309]]>
    </line>
    <line>
      <![CDATA[STEP310]]>
    </line>
    <line>
      <![CDATA[STEP311]]>
    </line>
    <line>
      <![CDATA[STEP312]]>
    </line>
    <line>
      <![CDATA[STEP313]]>
    </line>
    <line>
      <![CDATA[STEP314]]>
    </line>
    <line>
      <![CDATA[STEP315]]>
    </line>
    <line>
      <![CDATA[STEP316]]>
    </line>
    <line>
      <![CDATA[STEP317]]>
    </line>
    <line>
      <![CDATA[STEP318]]>
    </line>
    <line>
      <![CDATA[STEP319]]>
    </line>
    <line>
      <![CDATA[STEP320]]>
    </line>
    <line>
      <![CDATA[STEP321]]>
    </line>
    <line>
      <![CDATA[STEP322]]>
    </line>
    <line>
      <![CDATA[STEP323]]>
    </line>
    <line>
      <![CDATA[STEP324]]>
    </line>
    <line>
      <![CDATA[STEP325]]>
    </line>
    <line>
      <![CDATA[STEP326]]>
    </line>
    <line>
      <![CDATA[STEP327]]>
    </line>
    <line>
      <![CDATA[STEP328]]>
    </line>
    <line>
      <![CDATA[STEP329]]>
    </line>
    <line>
      <![CDATA[STEP330]]>
    </line>
    <line>
      <![CDATA[STEP331]]>
    </line>
    <line>
      <![CDATA[STEP332]]>
    </line>
    <line>
      <![CDATA[STEP333]]>
    </line>
    <line>
      <![CDATA[STEP334]]>
    </line>
    <line>
      <![CDATA[STEP335]]>
    </line>
    <line>
      <![CDATA[STEP336]]>
    </line>
    <line>
      <![CDATA[STEP337]]>
    </line>
    <line>
      <![CDATA[STEP338]]>
    </line>
    <line>
      <![CDATA[STEP339]]>
    </line>
    <line>
      <![CDATA[STEP340]]>
    </line>
    <line>
      <![CDATA[STEP341]]>
    </line>
    <line>
      <![CDATA[STEP342]]>
    </line>
    <line>
      <![CDATA[STEP343]]>
    </line>
    <line>
      <![CDATA[STEP344]]>
    </line>
    <line>
      <![CDATA[STEP345]]>
    </line>
    <line>
      <![CDATA[STEP346]]>
    </line>
    <line>
      <![CDATA[STEP347]]>
    </line>
    <line>
      <![CDATA[STEP348]]>
    </line>
    <line>
      <![CDATA[STEP349]]>
    </line>
    <line>
      <![CDATA[STEP350]]>
    </line>
    <line>
      <![CDATA[STEP351]]>
    </line>
    <line>
      <![CDATA[STEP352]]>
    </line>
    <line>
      <![CDATA[STEP353]]>
    </line>
    <line>
      <![CDATA[STEP354]]>
    </line>
    <line>
      <![CDATA[STEP355]]>
    </line>
    <line>
      <![CDATA[STEP356]]>
    </line>
    <line>
      <![CDATA[STEP357]]>
    </line>
    <line>
      <![CDATA[STEP358]]>
    </line>
    <line>
      <![CDATA[STEP359]]>
    </line>
    <line>
      <![CDATA[STEP360]]>
    </line>
    <line>
      <![CDATA[STEP361]]>
    </line>
    <line>
      <![CDATA[STEP362]]>
    </line>
    <line>
      <![CDATA[STEP363]]>
    </line>
    <line>
      <![CDATA[STEP364]]>
    </line>
    <line>
      <![CDATA[STEP365]]>
    </line>
    <line>
      <![CDATA[STEP366]]>
    </line>
    <line>
      <![CDATA[STEP367]]>
    </line>
    <line>
      <![CDATA[STEP368]]>
    </line>
    <line>
      <![CDATA[STEP369]]>
    </line>
    <line>
      <![CDATA[STEP370]]>
    </line>
    <line>
      <![CDATA[STEP371]]>
    </line>
    <line>
      <![CDATA[STEP372]]>
    </line>
    <line>
      <![CDATA[STEP373]]>
    </line>
    <line>
      <![CDATA[STEP374]]>
    </line>
    <line>
      <![CDATA[STEP375]]>
    </line>
    <line>
      <![CDATA[STEP376]]>
    </line>
    <line>
      <![CDATA[STEP377]]>
    </line>
    <line>
      <![CDATA[STEP378]]>
    </line>
    <line>
      <![CDATA[STEP379]]>
    </line>
    <line>
      <![CDATA[STEP380]]>
    </line>
    <line>
      <![CDATA[STEP381]]>
    </line>
    <line>
      <![CDATA[STEP382]]>
    </line>
    <line>
      <![CDATA[STEP383]]>
    </line>
    <line>
      <![CDATA[STEP384]]>
    </line>
    <line>
      <![CDATA[STEP385]]>
    </line>
    <line>
      <![CDATA[STEP386]]>
    </line>
    <line>
      <![CDATA[STEP387]]>
    </line>
    <line>
      <![CDATA[STEP388]]>
    </line>
    <line>
      <![CDATA[STEP389]]>
    </line>
    <line>
      <![CDATA[STEP390]]>
    </line>
    <line>
      <![CDATA[STEP391]]>
    </line>
    <line>
      <![CDATA[STEP392]]>
    </line>
    <line>
      <![CDATA[STEP393]]>
    </line>
    <line>
      <![CDATA[STEP394]]>
    </line>
    <line>
      <![CDATA[STEP395]]>
    </line>
    <line>
      <![CDATA[STEP396]]>
    </line>
    <line>
      <![CDATA[STEP397]]>
    </line>
    <line>
      <![CDATA[STEP398]]>
    </line>
    <line>
      <![CDATA[STEP399]]>
    </line>
    <line>
      <![CDATA[STEP400]]>
    </line>
    <line>
      <![CDATA[STEP401]]>
    </line>
    <line>
      <![CDATA[STEP402]]>
    </line>
    <line>
      <![CDATA[STEP403]]>
    </line>
    <line>
      <![CDATA[STEP404]]>
    </line>
    <line>
      <![CDATA[STEP405]]>
    </line>
    <line>
      <![CDATA[STEP406]]>
    </line>
    <line>
      <![CDATA[STEP407]]>
    </line>
    <line>
      <![CDATA[STEP408]]>
    </line>
    <line>
      <![CDATA[STEP409]]>
    </line>
    <line>
      <![CDATA[STEP410]]>
    </line>
    <line>
      <![CDATA[STEP411]]>
    </line>
    <line>
      <![CDATA[STEP412]]>
    </line>
    <line>
      <![CDATA[STEP413]]>
    </line>
    <line>
      <![CDATA[STEP414]]>
    </line>
    <line>
      <![CDATA[STEP415]]>
    </line>
    <line>
      <![CDATA[STEP416]]>
    </line>
    <line>
      <![CDATA[STEP417]]>
    </line>
    <line>
      <![CDATA[STEP418]]>
    </line>
    <line>
      <![CDATA[STEP419]]>
    </line>
    <line>
      <![CDATA[STEP420]]>
    </line>
    <line>
      <![CDATA[STEP421]]>
    </line>
    <line>
      <![CDATA[STEP422]]>
    </line>
    <line>
      <![CDATA[STEP423]]>
    </line>
    <line>
      <![CDATA[STEP424]]>
    </line>
    <line>
      <![CDATA[STEP425]]>
    </line>
    <line>
      <![CDATA[STEP426]]>
    </line>
    <line>
      <![CDATA[STEP427]]>
    </line>
    <line>
      <![CDATA[STEP428]]>
    </line>
    <line>
      <![CDATA[STEP429]]>
    </line>
    <line>
      <![CDATA[STEP430]]>
    </line>
    <line>
      <![CDATA[STEP431]]>
    </line>
    <line>
      <![CDATA[STEP432]]>
    </line>
    <line>
      <![CDATA[STEP433]]>
    </line>
    <line>
      <![CDATA[STEP434]]>
    </line>
    <line>
      <![CDATA[STEP435]]>
    </line>
    <line>
      <![CDATA[STEP436]]>
    </line>
    <line>
      <![CDATA[STEP437]]>
    </line>
    <line>
      <![CDATA[STEP438]]>
    </line>
    <line>
      <![CDATA[STEP439]]>
    </line>
    <line>
      <![CDATA[STEP440]]>
    </line>
    <line>
      <![CDATA[STEP441]]>
    </line>
    <line>
      <![CDATA[STEP442]]>
    </line>
    <line>
      <![CDATA[STEP443]]>
    </line>
    <line>
      <![CDATA[STEP444]]>
    </line>
    <line>
      <![CDATA[STEP445]]>
    </line>
    <line>
      <![CDATA[STEP446]]>
    </line>
    <line>
      <![CDATA[STEP447]]>
    </line>
    <line>
      <![CDATA[STEP448]]>
    </line>
    <line>
      <![CDATA[STEP449]]>
    </line>
    <line>
      <![CDATA[STEP450]]>
    </line>
    <line>
      <![CDATA[STEP451]]>
    </line>
    <line>
      <![CDATA[STEP452]]>
    </line>
    <line>
      <![CDATA[STEP453]]>
    </line>
    <line>
      <![CDATA[STEP454]]>
    </line>
    <line>
      <![CDATA[STEP455]]>
    </line>
    <line>
      <![CDATA[STEP456]]>
    </line>
    <line>
      <![CDATA[STEP457]]>
    </line>
    <line>
      <![CDATA[STEP458]]>
    </line>
    <line>
      <![CDATA[STEP459]]>
    </line>
    <line>
      <![CDATA[STEP460]]>
    </line>
    <line>
      <![CDATA[STEP461]]>
    </line>
    <line>
      <![CDATA[STEP462]]>
    </line>
    <line>
      <![CDATA[STEP463]]>
    </line>
    <line>
      <![CDATA[STEP464]]>
    </line>
    <line>
      <![CDATA[STEP465]]>
    </line>
    <line>
      <![CDATA[STEP466]]>
    </line>
    <line>
      <![CDATA[STEP467]]>
    </line>
    <line>
      <![CDATA[STEP468]]>
    </line>
    <line>
      <![CDATA[STEP469]]>
    </line>
    <line>
      <![CDATA[STEP470]]>
    </line>
    <line>
      <![CDATA[STEP471]]>
    </line>
    <line>
      <![CDATA[STEP472]]>
    </line>
    <line>
      <![CDATA[STEP473]]>
    </line>
    <line>
      <![CDATA[STEP474]]>
    </line>
    <line>
      <![CDATA[STEP475]]>
    </line>
    <line>
      <![CDATA[STEP476]]>
    </line>
    <line>
      <![CDATA[STEP477]]>
    </line>
    <line>
      <![CDATA[STEP478]]>
    </line>
    <line>
      <![CDATA[STEP479]]>
    </line>
    <line>
      <![CDATA[STEP480]]>
    </line>
    <line>
      <![CDATA[STEP481]]>
    </line>
    <line>
      <![CDATA[STEP482]]>
    </line>
    <line>
      <![CDATA[STEP483]]>
    </line>
    <line>
      <![CDATA[STEP484]]>
    </line>
    <line>
      <![CDATA[STEP485]]>
    </line>
    <line>
      <![CDATA[STEP486]]>
    </line>
    <line>
      <![CDATA[STEP487]]>
    </line>
    <line>
      <![CDATA[STEP488]]>
    </line>
    <line>
      <![CDATA[STEP489]]>
    </line>
    <line>
      <![CDATA[STEP490]]>
    </line>
    <line>
      <![CDATA[STEP491]]>
    </line>
    <line>
      <![CDATA[STEP492]]>
    </line>
    <line>
      <![CDATA[STEP493]]>
    </line>
    <line>
      <![CDATA[STEP494]]>
    </line>
    <line>
      <![CDATA[STEP495]]>
    </line>
    <line>
      <![CDATA[STEP496]]>
    </line>
    <line>
      <![CDATA[STEP497]]>
    </line>
    <line>
      <![CDATA[STEP498]]>
    </line>
    <line>
      <![CDATA[STEP499]]>
    </line>
    <line>
      <![CDATA[STEP500]]>
    </line>
    <line>
      <![CDATA[STEP501]]>
    </line>
    <line>
      <![CDATA[STEP502]]>
    </line>
    <line>
      <![CDATA[STEP503]]>
    </line>
    <line>
      <![CDATA[STEP504]]>
    </line>
    <line>
      <![CDATA[STEP505]]>
    </line>
    <line>
      <![CDATA[STEP506]]>
    </line>
    <line>
      <![CDATA[STEP507]]>
    </line>
    <line>
      <![CDATA[STEP508]]>
    </line>
    <line>
      <![CDATA[STEP509]]>
    </line>
    <line>
      <![CDATA[STEP510]]>
    </line>
    <line>
      <![CDATA[STEP511]]>
    </line>
    <line>
      <![CDATA[STEP512]]>
    </line>
    <line>
      <![CDATA[STEP513]]>
    </line>
    <line>
      <![CDATA[STEP514]]>
    </line>
    <line>
      <![CDATA[STEP515]]>
    </line>
    <line>
      <![CDATA[STEP516]]>
    </line>
    <line>
      <![CDATA[STEP517]]>
    </line>
    <line>
      <![CDATA[STEP518]]>
    </line>
    <line>
      <![CDATA[STEP519]]>
    </line>
    <line>
      <![CDATA[STEP520]]>
    </line>
    <line>
      <![CDATA[STEP521]]>
    </line>
    <line>
      <![CDATA[STEP522]]>
    </line>
    <line>
      <![CDATA[STEP523]]>
    </line>
    <line>
      <![CDATA[STEP524]]>
    </line>
    <line>
      <![CDATA[STEP525]]>
    </line>
    <line>
      <![CDATA[STEP526]]>
    </line>
    <line>
      <![CDATA[STEP527]]>
    </line>
    <line>
      <![CDATA[STEP528]]>
    </line>
    <line>
      <![CDATA[STEP529]]>
    </line>
    <line>
      <![CDATA[STEP530]]>
    </line>
    <line>
      <![CDATA[STEP531]]>
    </line>
    <line>
      <![CDATA[STEP532]]>
    </line>
    <line>
      <![CDATA[STEP533]]>
    </line>
    <line>
      <![CDATA[STEP534]]>
    </line>
    <line>
      <![CDATA[STEP535]]>
    </line>
    <line>
      <![CDATA[STEP536]]>
    </line>
    <line>
      <![CDATA[STEP537]]>
    </line>
    <line>
      <![CDATA[STEP538]]>
    </line>
    <line>
      <![CDATA[STEP539]]>
    </line>
    <line>
      <![CDATA[STEP540]]>
    </line>
    <line>
      <![CDATA[STEP541]]>
    </line>
    <line>
      <![CDATA[STEP542]]>
    </line>
    <line>
      <![CDATA[STEP543]]>
    </line>
    <line>
      <![CDATA[STEP544]]>
    </line>
    <line>
      <![CDATA[STEP545]]>
    </line>
    <line>
      <![CDATA[STEP546]]>
    </line>
    <line>
      <![CDATA[STEP547]]>
    </line>
    <line>
      <![CDATA[STEP548]]>
    </line>
    <line>
      <![CDATA[STEP549]]>
    </line>
    <line>
      <![CDATA[STEP550]]>
    </line>
    <line>
      <![CDATA[STEP551]]>
    </line>
    <line>
      <![CDATA[STEP552]]>
    </line>
    <line>
      <![CDATA[STEP553]]>
    </line>
    <line>
      <![CDATA[STEP554]]>
    </line>
    <line>
      <![CDATA[STEP555]]>
    </line>
    <line>
      <![CDATA[STEP556]]>
    </line>
    <line>
      <![CDATA[STEP557]]>
    </line>
    <line>
      <![CDATA[STEP558]]>
    </line>
    <line>
      <![CDATA[STEP559]]>
    </line>
    <line>
      <![CDATA[STEP560]]>
    </line>
    <line>
      <![CDATA[STEP561]]>
    </line>
    <line>
      <![CDATA[STEP562]]>
    </line>
    <line>
      <![CDATA[STEP563]]>
    </line>
    <line>
      <![CDATA[STEP564]]>
    </line>
    <line>
      <![CDATA[STEP565]]>
    </line>
    <line>
      <![CDATA[STEP566]]>
    </line>
    <line>
      <![CDATA[STEP567]]>
    </line>
    <line>
      <![CDATA[STEP568]]>
    </line>
    <line>
      <![CDATA[STEP569]]>
    </line>
    <line>
      <![CDATA[STEP570]]>
    </line>
    <line>
      <![CDATA[STEP571]]>
    </line>
    <line>
      <![CDATA[STEP572]]>
    </line>
    <line>
      <![CDATA[STEP573]]>
    </line>
    <line>
      <![CDATA[STEP574]]>
    </line>
    <line>
      <![CDATA[STEP575]]>
    </line>
    <line>
      <![CDATA[STEP576]]>
    </line>
    <line>
      <![CDATA[STEP577]]>
    </line>
    <line>
      <![CDATA[STEP578]]>
    </line>
    <line>
      <![CDATA[STEP579]]>
    </line>
    <line>
      <![CDATA[STEP580]]>
    </line>
    <line>
      <![CDATA[STEP581]]>
    </line>
    <line>
      <![CDATA[STEP582]]>
    </line>
    <line>
      <![CDATA[STEP583]]>
    </line>
    <line>
      <![CDATA[STEP584]]>
    </line>
    <line>
      <![CDATA[STEP585]]>
    </line>
    <line>
      <![CDATA[STEP586]]>
    </line>
    <line>
      <![CDATA[STEP587]]>
    </line>
    <line>
      <![CDATA[STEP588]]>
    </line>
    <line>
      <![CDATA[STEP589]]>
    </line>
    <line>
      <![CDATA[STEP590]]>
    </line>
    <line>
      <![CDATA[STEP591]]>
    </line>
    <line>
      <![CDATA[STEP592]]>
    </line>
    <line>
      <![CDATA[STEP593]]>
    </line>
    <line>
      <![CDATA[STEP594]]>
    </line>
    <line>
      <![CDATA[STEP595]]>
    </line>
    <line>
      <![CDATA[STEP596]]>
    </line>
    <line>
      <![CDATA[STEP597]]>
    </line>
    <line>
      <![CDATA[STEP598]]>
    </line>
    <line>
      <![CDATA[STEP599]]>
    </line>
    <line>
      <![CDATA[STEP600]]>
    </line>
    <line>
      <![CDATA[STEP601]]>
    </line>
    <line>
      <![CDATA[STEP602]]>
    </line>
    <line>
      <![CDATA[STEP603]]>
    </line>
    <line>
      <![CDATA[STEP604]]>
    </line>
    <line>
      <![CDATA[STEP605]]>
    </line>
    <line>
      <![CDATA[STEP606]]>
    </line>
    <line>
      <![CDATA[STEP607]]>
    </line>
    <line>
      <![CDATA[STEP608]]>
    </line>
    <line>
      <![CDATA[STEP609]]>
    </line>
    <line>
      <![CDATA[STEP610]]>
    </line>
    <line>
      <![CDATA[STEP611]]>
    </line>
    <line>
      <![CDATA[STEP612]]>
    </line>
    <line>
      <![CDATA[STEP613]]>
    </line>
    <line>
      <![CDATA[STEP614]]>
    </line>
    <line>
      <![CDATA[STEP615]]>
    </line>
    <line>
      <![CDATA[STEP616]]>
    </line>
    <line>
      <![CDATA[STEP617]]>
    </line>
    <line>
      <![CDATA[STEP618]]>
    </line>
    <line>
      <![CDATA[STEP619]]>
    </line>
    <line>
      <![CDATA[STEP620]]>
    </line>
    <line>
      <![CDATA[STEP621]]>
    </line>
    <line>
      <![CDATA[STEP622]]>
    </line>
    <line>
      <![CDATA[STEP623]]>
    </line>
    <line>
      <![CDATA[STEP624]]>
    </line>
    <line>
      <![CDATA[STEP625]]>
    </line>
    <line>
      <![CDATA[STEP626]]>
    </line>
    <line>
      <![CDATA[STEP627]]>
    </line>
    <line>
      <![CDATA[STEP628]]>
    </line>
    <line>
      <![CDATA[STEP629]]>
    </line>
    <line>
      <![CDATA[STEP630]]>
    </line>
    <line>
      <![CDATA[STEP631]]>
    </line>
    <line>
      <![CDATA[STEP632]]>
    </line>
    <line>
      <![CDATA[STEP633]]>
    </line>
    <line>
      <![CDATA[STEP634]]>
    </line>
    <line>
      <![CDATA[STEP635]]>
    </line>
    <line>
      <![CDATA[STEP636]]>
    </line>
    <line>
      <![CDATA[STEP637]]>
    </line>
    <line>
      <![CDATA[STEP638]]>
    </line>
    <line>
      <![CDATA[STEP639]]>
    </line>
    <line>
      <![CDATA[STEP640]]>
    </line>
    <line>
      <![CDATA[STEP641]]>
    </line>
    <line>
      <![CDATA[STEP642]]>
    </line>
    <line>
      <![CDATA[STEP643]]>
    </line>
    <line>
      <![CDATA[STEP644]]>
    </line>
    <line>
      <![CDATA[STEP645]]>
    </line>
    <line>
      <![CDATA[STEP646]]>
    </line>
    <line>
      <![CDATA[STEP647]]>
    </line>
    <line>
      <![CDATA[STEP648]]>
    </line>
    <line>
      <![CDATA[STEP649]]>
    </line>
    <line>
      <![CDATA[STEP650]]>
    </line>
    <line>
      <![CDATA[STEP651]]>
    </line>
    <line>
      <![CDATA[STEP652]]>
    </line>
    <line>
      <![CDATA[STEP653]]>
    </line>
    <line>
      <![CDATA[STEP654]]>
    </line>
    <line>
      <![CDATA[STEP655]]>
    </line>
    <line>
      <![CDATA[STEP656]]>
    </line>
    <line>
      <![CDATA[STEP657]]>
    </line>
    <line>
      <![CDATA[STEP658]]>
    </line>
    <line>
      <![CDATA[STEP659]]>
    </line>
    <line>
      <![CDATA[STEP660]]>
    </line>
    <line>
      <![CDATA[STEP661]]>
    </line>
    <line>
      <![CDATA[STEP662]]>
    </line>
  </reporter-output>
  <suite name="Suite" duration-ms="1198728" started-at="2018-06-11T08:47:39Z" finished-at="2018-06-11T09:07:38Z">
    <groups>
    </groups>
    <test name="Test" duration-ms="1198728" started-at="2018-06-11T08:47:39Z" finished-at="2018-06-11T09:07:38Z">
      <class name="cms.tcases.KitToKit_tc">
        <test-method status="PASS" signature="kittokitpage1(java.lang.String, java.lang.String, java.lang.String, java.lang.String, java.lang.String, java.lang.String, java.lang.String, java.lang.String, java.lang.String, java.lang.String, java.lang.String, java.lang.String, java.lang.String, java.lang.String, java.lang.String, java.lang.String, java.lang.String, java.lang.String, java.lang.String, java.lang.String)[pri:35, instance:cms.tcases.KitToKit_tc@39170465]" name="kittokitpage1" duration-ms="37089" started-at="2018-06-11T14:33:43Z" data-provider="KitToKit1" finished-at="2018-06-11T14:34:20Z">
          <params>
            <param index="0">
              <value>
                <![CDATA[Card]]>
              </value>
            </param>
            <param index="1">
              <value>
                <![CDATA[4726450001000035]]>
              </value>
            </param>
            <param index="2">
              <value>
                <![CDATA[0012001223234]]>
              </value>
            </param>
            <param index="3">
              <value>
                <![CDATA[Akash]]>
              </value>
            </param>
            <param index="4">
              <value>
                <![CDATA[Patil]]>
              </value>
            </param>
            <param index="5">
              <value>
                <![CDATA[]]>
              </value>
            </param>
            <param index="6">
              <value>
                <![CDATA[akashm@fss.co]]>
              </value>
            </param>
            <param index="7">
              <value>
                <![CDATA[G43343434]]>
              </value>
            </param>
            <param index="8">
              <value>
                <![CDATA[]]>
              </value>
            </param>
            <param index="9">
              <value>
                <![CDATA[]]>
              </value>
            </param>
            <param index="10">
              <value>
                <![CDATA[]]>
              </value>
            </param>
            <param index="11">
              <value>
                <![CDATA[123400000071]]>
              </value>
            </param>
            <param index="12">
              <value>
                <![CDATA[Kit Replacement]]>
              </value>
            </param>
            <param index="13">
              <value>
                <![CDATA[Proceed]]>
              </value>
            </param>
            <param index="14">
              <value>
                <![CDATA[M2M]]>
              </value>
            </param>
            <param index="15">
              <value>
                <![CDATA[Card Number]]>
              </value>
            </param>
            <param index="16">
              <value>
                <![CDATA[Status]]>
              </value>
            </param>
            <param index="17">
              <value>
                <![CDATA[Reason]]>
              </value>
            </param>
            <param index="18">
              <value>
                <![CDATA[New Card Number]]>
              </value>
            </param>
            <param index="19">
              <value>
                <![CDATA[Proceed]]>
              </value>
            </param>
          </params>
          <reporter-output>
            <line>
              <![CDATA[STEP550]]>
            </line>
            <line>
              <![CDATA[STEP551]]>
            </line>
            <line>
              <![CDATA[STEP552]]>
            </line>
            <line>
              <![CDATA[STEP553]]>
            </line>
            <line>
              <![CDATA[STEP554]]>
            </line>
            <line>
              <![CDATA[STEP555]]>
            </line>
            <line>
              <![CDATA[STEP556]]>
            </line>
            <line>
              <![CDATA[STEP557]]>
            </line>
            <line>
              <![CDATA[STEP558]]>
            </line>
            <line>
              <![CDATA[STEP559]]>
            </line>
            <line>
              <![CDATA[STEP560]]>
            </line>
            <line>
              <![CDATA[STEP561]]>
            </line>
            <line>
              <![CDATA[STEP562]]>
            </line>
            <line>
              <![CDATA[STEP563]]>
            </line>
            <line>
              <![CDATA[STEP564]]>
            </line>
            <line>
              <![CDATA[STEP565]]>
            </line>
            <line>
              <![CDATA[STEP566]]>
            </line>
            <line>
              <![CDATA[STEP567]]>
            </line>
            <line>
              <![CDATA[STEP568]]>
            </line>
            <line>
              <![CDATA[STEP569]]>
            </line>
            <line>
              <![CDATA[STEP570]]>
            </line>
          </reporter-output>
        </test-method> <!-- kittokitpage1 -->
        <test-method status="PASS" signature="kittokit1(java.lang.String)[pri:36, instance:cms.tcases.KitToKit_tc@39170465]" name="kittokit1" duration-ms="2824" started-at="2018-06-11T14:34:20Z" data-provider="KitToKit2" finished-at="2018-06-11T14:34:23Z">
          <params>
            <param index="0">
              <value>
                <![CDATA[4794121200077416]]>
              </value>
            </param>
          </params>
          <reporter-output>
            <line>
              <![CDATA[STEP571]]>
            </line>
            <line>
              <![CDATA[STEP572]]>
            </line>
            <line>
              <![CDATA[STEP573]]>
            </line>
          </reporter-output>
        </test-method> <!-- kittokit1 -->
        <test-method status="PASS" signature="kittokit2(java.lang.String, java.lang.String, java.lang.String, java.lang.String, java.lang.String, java.lang.String, java.lang.String)[pri:37, instance:cms.tcases.KitToKit_tc@39170465]" name="kittokit2" duration-ms="73364" started-at="2018-06-11T14:34:23Z" data-provider="KitToKit3" finished-at="2018-06-11T14:35:36Z">
          <params>
            <param index="0">
              <value>
                <![CDATA[M2M]]>
              </value>
            </param>
            <param index="1">
              <value>
                <![CDATA[4726450016003479]]>
              </value>
            </param>
            <param index="2">
              <value>
                <![CDATA[Kit Replacement Status]]>
              </value>
            </param>
            <param index="3">
              <value>
                <![CDATA[Message ]]>
              </value>
            </param>
            <param index="4">
              <value>
                <![CDATA[Card Number]]>
              </value>
            </param>
            <param index="5">
              <value>
                <![CDATA[Status]]>
              </value>
            </param>
            <param index="6">
              <value>
                <![CDATA[Back]]>
              </value>
            </param>
          </params>
          <reporter-output>
            <line>
              <![CDATA[STEP574]]>
            </line>
            <line>
              <![CDATA[STEP575]]>
            </line>
            <line>
              <![CDATA[STEP576]]>
            </line>
            <line>
              <![CDATA[STEP577]]>
            </line>
            <line>
              <![CDATA[STEP578]]>
            </line>
            <line>
              <![CDATA[STEP579]]>
            </line>
            <line>
              <![CDATA[STEP580]]>
            </line>
            <line>
              <![CDATA[STEP581]]>
            </line>
            <line>
              <![CDATA[STEP582]]>
            </line>
          </reporter-output>
        </test-method> <!-- kittokit2 -->
        <test-method status="PASS" signature="callClose()[pri:38, instance:cms.tcases.KitToKit_tc@39170465]" name="callClose" duration-ms="5376" started-at="2018-06-11T14:35:36Z" finished-at="2018-06-11T14:35:41Z">
          <reporter-output>
            <line>
              <![CDATA[STEP583]]>
            </line>
            <line>
              <![CDATA[STEP584]]>
            </line>
            <line>
              <![CDATA[STEP585]]>
            </line>
          </reporter-output>
        </test-method> <!-- callClose -->
      </class> <!-- cms.tcases.KitToKit_tc -->
      <class name="cms.tcases.Group_tc">
        <test-method status="PASS" signature="viewGroup(java.lang.String, java.lang.String, java.lang.String, java.lang.String, java.lang.String, java.lang.String, java.lang.String, java.lang.String, java.lang.String, java.lang.String, java.lang.String, java.lang.String, java.lang.String, java.lang.String, java.lang.String, java.lang.String, java.lang.String, java.lang.String, java.lang.String, java.lang.String)[pri:2, instance:cms.tcases.Group_tc@13838550]" name="viewGroup" duration-ms="43032" started-at="2018-06-11T14:18:24Z" data-provider="ViewGroup" finished-at="2018-06-11T14:19:07Z">
          <params>
            <param index="0">
              <value>
                <![CDATA[Group]]>
              </value>
            </param>
            <param index="1">
              <value>
                <![CDATA[Mhead]]>
              </value>
            </param>
            <param index="2">
              <value>
                <![CDATA[GrpName]]>
              </value>
            </param>
            <param index="3">
              <value>
                <![CDATA[status]]>
              </value>
            </param>
            <param index="4">
              <value>
                <![CDATA[active]]>
              </value>
            </param>
            <param index="5">
              <value>
                <![CDATA[Inactive]]>
              </value>
            </param>
            <param index="6">
              <value>
                <![CDATA[all]]>
              </value>
            </param>
            <param index="7">
              <value>
                <![CDATA[role]]>
              </value>
            </param>
            <param index="8">
              <value>
                <![CDATA[Alldrp]]>
              </value>
            </param>
            <param index="9">
              <value>
                <![CDATA[search]]>
              </value>
            </param>
            <param index="10">
              <value>
                <![CDATA[crtnewgrp]]>
              </value>
            </param>
            <param index="11">
              <value>
                <![CDATA[User Group Search Results]]>
              </value>
            </param>
            <param index="12">
              <value>
                <![CDATA[Group Name]]>
              </value>
            </param>
            <param index="13">
              <value>
                <![CDATA[Attached Roles]]>
              </value>
            </param>
            <param index="14">
              <value>
                <![CDATA[Status]]>
              </value>
            </param>
            <param index="15">
              <value>
                <![CDATA[Owner Name]]>
              </value>
            </param>
            <param index="16">
              <value>
                <![CDATA[No of Users]]>
              </value>
            </param>
            <param index="17">
              <value>
                <![CDATA[Login Password Change Interval]]>
              </value>
            </param>
            <param index="18">
              <value>
                <![CDATA[View BINs	]]>
              </value>
            </param>
            <param index="19">
              <value>
                <![CDATA[Edit]]>
              </value>
            </param>
          </params>
          <reporter-output>
            <line>
              <![CDATA[STEP25]]>
            </line>
            <line>
              <![CDATA[STEP26]]>
            </line>
            <line>
              <![CDATA[STEP27]]>
            </line>
            <line>
              <![CDATA[STEP28]]>
            </line>
            <line>
              <![CDATA[STEP29]]>
            </line>
            <line>
              <![CDATA[STEP30]]>
            </line>
            <line>
              <![CDATA[STEP31]]>
            </line>
            <line>
              <![CDATA[STEP32]]>
            </line>
            <line>
              <![CDATA[STEP33]]>
            </line>
            <line>
              <![CDATA[STEP34]]>
            </line>
            <line>
              <![CDATA[STEP35]]>
            </line>
            <line>
              <![CDATA[STEP36]]>
            </line>
            <line>
              <![CDATA[STEP37]]>
            </line>
            <line>
              <![CDATA[STEP38]]>
            </line>
            <line>
              <![CDATA[STEP39]]>
            </line>
            <line>
              <![CDATA[STEP40]]>
            </line>
            <line>
              <![CDATA[STEP41]]>
            </line>
            <line>
              <![CDATA[STEP42]]>
            </line>
            <line>
              <![CDATA[STEP43]]>
            </line>
            <line>
              <![CDATA[STEP44]]>
            </line>
            <line>
              <![CDATA[STEP45]]>
            </line>
            <line>
              <![CDATA[STEP46]]>
            </line>
            <line>
              <![CDATA[STEP47]]>
            </line>
            <line>
              <![CDATA[STEP48]]>
            </line>
          </reporter-output>
        </test-method> <!-- viewGroup -->
        <test-method status="PASS" signature="viewNewGroup(java.lang.String, java.lang.String, java.lang.String, java.lang.String, java.lang.String, java.lang.String, java.lang.String, java.lang.String, java.lang.String)[pri:3, instance:cms.tcases.Group_tc@13838550]" name="viewNewGroup" duration-ms="13353" started-at="2018-06-11T14:19:07Z" data-provider="viewNewGroup" finished-at="2018-06-11T14:19:20Z">
          <params>
            <param index="0">
              <value>
                <![CDATA[Create New Group]]>
              </value>
            </param>
            <param index="1">
              <value>
                <![CDATA[NgrpName]]>
              </value>
            </param>
            <param index="2">
              <value>
                <![CDATA[LPCI]]>
              </value>
            </param>
            <param index="3">
              <value>
                <![CDATA[Srole]]>
              </value>
            </param>
            <param index="4">
              <value>
                <![CDATA[Sowner]]>
              </value>
            </param>
            <param index="5">
              <value>
                <![CDATA[SprodName]]>
              </value>
            </param>
            <param index="6">
              <value>
                <![CDATA[back]]>
              </value>
            </param>
            <param index="7">
              <value>
                <![CDATA[submit]]>
              </value>
            </param>
            <param index="8">
              <value>
                <![CDATA[clear]]>
              </value>
            </param>
          </params>
          <reporter-output>
            <line>
              <![CDATA[STEP49]]>
            </line>
            <line>
              <![CDATA[STEP50]]>
            </line>
            <line>
              <![CDATA[STEP51]]>
            </line>
            <line>
              <![CDATA[STEP52]]>
            </line>
            <line>
              <![CDATA[STEP53]]>
            </line>
            <line>
              <![CDATA[STEP54]]>
            </line>
            <line>
              <![CDATA[STEP55]]>
            </line>
            <line>
              <![CDATA[STEP56]]>
            </line>
            <line>
              <![CDATA[STEP57]]>
            </line>
          </reporter-output>
        </test-method> <!-- viewNewGroup -->
        <test-method status="PASS" signature="group(java.lang.String, java.lang.String, java.lang.String, java.lang.String, java.lang.String, java.lang.String, java.lang.String, java.lang.String, java.lang.String)[pri:4, instance:cms.tcases.Group_tc@13838550]" name="group" duration-ms="21847" started-at="2018-06-11T14:19:20Z" data-provider="addNewGroup" finished-at="2018-06-11T14:19:42Z">
          <params>
            <param index="0">
              <value>
                <![CDATA[* This field is required * Alphabets only * Length between 5 and 15 ]]>
              </value>
            </param>
            <param index="1">
              <value>
                <![CDATA[Select Atleast One BIN]]>
              </value>
            </param>
            <param index="2">
              <value>
                <![CDATA[Submit]]>
              </value>
            </param>
            <param index="3">
              <value>
                <![CDATA[selepsps]]>
              </value>
            </param>
            <param index="4">
              <value>
                <![CDATA[TECHNOLOGY]]>
              </value>
            </param>
            <param index="5">
              <value>
                <![CDATA[ICICI(PROCESSOR)]]>
              </value>
            </param>
            <param index="6">
              <value>
                <![CDATA[VISA PRODUCT]]>
              </value>
            </param>
            <param index="7">
              <value>
                <![CDATA[  > >  ]]>
              </value>
            </param>
            <param index="8">
              <value>
                <![CDATA[Clear]]>
              </value>
            </param>
          </params>
          <reporter-output>
            <line>
              <![CDATA[STEP58]]>
            </line>
            <line>
              <![CDATA[STEP59]]>
            </line>
            <line>
              <![CDATA[STEP60]]>
            </line>
            <line>
              <![CDATA[STEP61]]>
            </line>
            <line>
              <![CDATA[STEP62]]>
            </line>
            <line>
              <![CDATA[STEP63]]>
            </line>
            <line>
              <![CDATA[STEP64]]>
            </line>
            <line>
              <![CDATA[STEP65]]>
            </line>
            <line>
              <![CDATA[STEP66]]>
            </line>
            <line>
              <![CDATA[STEP67]]>
            </line>
            <line>
              <![CDATA[STEP68]]>
            </line>
          </reporter-output>
        </test-method> <!-- group -->
        <test-method status="PASS" signature="group(java.lang.String, java.lang.String, java.lang.String, java.lang.String, java.lang.String, java.lang.String, java.lang.String, java.lang.String, java.lang.String)[pri:4, instance:cms.tcases.Group_tc@13838550]" name="group" duration-ms="21765" started-at="2018-06-11T14:19:42Z" data-provider="addNewGroup" finished-at="2018-06-11T14:20:04Z">
          <params>
            <param index="0">
              <value>
                <![CDATA[* This field is required * Alphabets only * Length between 5 and 15 ]]>
              </value>
            </param>
            <param index="1">
              <value>
                <![CDATA[Select Atleast One BIN]]>
              </value>
            </param>
            <param index="2">
              <value>
                <![CDATA[Submit]]>
              </value>
            </param>
            <param index="3">
              <value>
                <![CDATA[selepsps]]>
              </value>
            </param>
            <param index="4">
              <value>
                <![CDATA[TECHNOLOGY]]>
              </value>
            </param>
            <param index="5">
              <value>
                <![CDATA[ICICI(PROCESSOR)]]>
              </value>
            </param>
            <param index="6">
              <value>
                <![CDATA[VISA PRODUCT]]>
              </value>
            </param>
            <param index="7">
              <value>
                <![CDATA[  > >  ]]>
              </value>
            </param>
            <param index="8">
              <value>
                <![CDATA[Submit]]>
              </value>
            </param>
          </params>
          <reporter-output>
            <line>
              <![CDATA[STEP69]]>
            </line>
            <line>
              <![CDATA[STEP70]]>
            </line>
            <line>
              <![CDATA[STEP71]]>
            </line>
            <line>
              <![CDATA[STEP72]]>
            </line>
            <line>
              <![CDATA[STEP73]]>
            </line>
            <line>
              <![CDATA[STEP74]]>
            </line>
            <line>
              <![CDATA[STEP75]]>
            </line>
            <line>
              <![CDATA[STEP76]]>
            </line>
            <line>
              <![CDATA[STEP77]]>
            </line>
            <line>
              <![CDATA[STEP78]]>
            </line>
            <line>
              <![CDATA[STEP79]]>
            </line>
          </reporter-output>
        </test-method> <!-- group -->
        <test-method status="PASS" signature="searchNewGroup(java.lang.String, java.lang.String)[pri:5, instance:cms.tcases.Group_tc@13838550]" name="searchNewGroup" duration-ms="7108" started-at="2018-06-11T14:20:04Z" data-provider="searchNewGroup" finished-at="2018-06-11T14:20:11Z">
          <params>
            <param index="0">
              <value>
                <![CDATA[Group]]>
              </value>
            </param>
            <param index="1">
              <value>
                <![CDATA[selepsps]]>
              </value>
            </param>
          </params>
          <reporter-output>
            <line>
              <![CDATA[STEP80]]>
            </line>
            <line>
              <![CDATA[STEP81]]>
            </line>
            <line>
              <![CDATA[STEP82]]>
            </line>
          </reporter-output>
        </test-method> <!-- searchNewGroup -->
        <test-method status="PASS" signature="searchNewGroup(java.lang.String, java.lang.String)[pri:5, instance:cms.tcases.Group_tc@13838550]" name="searchNewGroup" duration-ms="7048" started-at="2018-06-11T14:20:11Z" data-provider="searchNewGroup" finished-at="2018-06-11T14:20:18Z">
          <params>
            <param index="0">
              <value>
                <![CDATA[Group]]>
              </value>
            </param>
            <param index="1">
              <value>
                <![CDATA[selegvf]]>
              </value>
            </param>
          </params>
          <reporter-output>
            <line>
              <![CDATA[STEP83]]>
            </line>
            <line>
              <![CDATA[STEP84]]>
            </line>
            <line>
              <![CDATA[STEP85]]>
            </line>
          </reporter-output>
        </test-method> <!-- searchNewGroup -->
        <test-method status="PASS" signature="verifyAlert(java.lang.String, java.lang.String, java.lang.String, java.lang.String, java.lang.String, java.lang.String, java.lang.String, java.lang.String, java.lang.String)[pri:6, instance:cms.tcases.Group_tc@13838550]" name="verifyAlert" duration-ms="15505" started-at="2018-06-11T14:20:18Z" data-provider="verifyAlert" finished-at="2018-06-11T14:20:33Z">
          <params>
            <param index="0">
              <value>
                <![CDATA[Group]]>
              </value>
            </param>
            <param index="1">
              <value>
                <![CDATA[Create New Group]]>
              </value>
            </param>
            <param index="2">
              <value>
                <![CDATA[selepsps]]>
              </value>
            </param>
            <param index="3">
              <value>
                <![CDATA[TECHNOLOGY]]>
              </value>
            </param>
            <param index="4">
              <value>
                <![CDATA[ICICI(PROCESSOR)]]>
              </value>
            </param>
            <param index="5">
              <value>
                <![CDATA[VISA PRODUCT]]>
              </value>
            </param>
            <param index="6">
              <value>
                <![CDATA[  > >  ]]>
              </value>
            </param>
            <param index="7">
              <value>
                <![CDATA[Submit]]>
              </value>
            </param>
            <param index="8">
              <value>
                <![CDATA[Group Name already exists]]>
              </value>
            </param>
          </params>
          <reporter-output>
            <line>
              <![CDATA[STEP86]]>
            </line>
            <line>
              <![CDATA[STEP87]]>
            </line>
            <line>
              <![CDATA[STEP88]]>
            </line>
            <line>
              <![CDATA[STEP89]]>
            </line>
            <line>
              <![CDATA[STEP90]]>
            </line>
            <line>
              <![CDATA[STEP91]]>
            </line>
            <line>
              <![CDATA[STEP92]]>
            </line>
            <line>
              <![CDATA[STEP93]]>
            </line>
            <line>
              <![CDATA[STEP94]]>
            </line>
          </reporter-output>
        </test-method> <!-- verifyAlert -->
        <test-method status="PASS" signature="logout()[pri:7, instance:cms.tcases.Group_tc@13838550]" name="logout" duration-ms="2060" started-at="2018-06-11T14:20:33Z" finished-at="2018-06-11T14:20:35Z">
          <reporter-output>
            <line>
              <![CDATA[STEP95]]>
            </line>
          </reporter-output>
        </test-method> <!-- logout -->
      </class> <!-- cms.tcases.Group_tc -->
      <class name="cms.tcases.Comments_tc">
        <test-method status="PASS" signature="comments(java.lang.String, java.lang.String, java.lang.String, java.lang.String, java.lang.String, java.lang.String, java.lang.String, java.lang.String, java.lang.String, java.lang.String, java.lang.String, java.lang.String, java.lang.String, java.lang.String, java.lang.String, java.lang.String, java.lang.String, java.lang.String, java.lang.String, java.lang.String, java.lang.String)[pri:39, instance:cms.tcases.Comments_tc@1621a02b]" name="comments" duration-ms="39951" started-at="2018-06-11T14:35:41Z" data-provider="Comments" finished-at="2018-06-11T14:36:21Z">
          <params>
            <param index="0">
              <value>
                <![CDATA[Card]]>
              </value>
            </param>
            <param index="1">
              <value>
                <![CDATA[4614610016042125]]>
              </value>
            </param>
            <param index="2">
              <value>
                <![CDATA[0012001223234]]>
              </value>
            </param>
            <param index="3">
              <value>
                <![CDATA[Akash]]>
              </value>
            </param>
            <param index="4">
              <value>
                <![CDATA[Patil]]>
              </value>
            </param>
            <param index="5">
              <value>
                <![CDATA[]]>
              </value>
            </param>
            <param index="6">
              <value>
                <![CDATA[akashm@fss.co]]>
              </value>
            </param>
            <param index="7">
              <value>
                <![CDATA[G43343434]]>
              </value>
            </param>
            <param index="8">
              <value>
                <![CDATA[]]>
              </value>
            </param>
            <param index="9">
              <value>
                <![CDATA[]]>
              </value>
            </param>
            <param index="10">
              <value>
                <![CDATA[]]>
              </value>
            </param>
            <param index="11">
              <value>
                <![CDATA[123400000071]]>
              </value>
            </param>
            <param index="12">
              <value>
                <![CDATA[Comments]]>
              </value>
            </param>
            <param index="13">
              <value>
                <![CDATA[Card Number]]>
              </value>
            </param>
            <param index="14">
              <value>
                <![CDATA[Source]]>
              </value>
            </param>
            <param index="15">
              <value>
                <![CDATA[Call ID]]>
              </value>
            </param>
            <param index="16">
              <value>
                <![CDATA[Call Type]]>
              </value>
            </param>
            <param index="17">
              <value>
                <![CDATA[Date Time]]>
              </value>
            </param>
            <param index="18">
              <value>
                <![CDATA[User ID]]>
              </value>
            </param>
            <param index="19">
              <value>
                <![CDATA[User Name]]>
              </value>
            </param>
            <param index="20">
              <value>
                <![CDATA[Comments]]>
              </value>
            </param>
          </params>
          <reporter-output>
            <line>
              <![CDATA[STEP586]]>
            </line>
            <line>
              <![CDATA[STEP587]]>
            </line>
            <line>
              <![CDATA[STEP588]]>
            </line>
            <line>
              <![CDATA[STEP589]]>
            </line>
            <line>
              <![CDATA[STEP590]]>
            </line>
            <line>
              <![CDATA[STEP591]]>
            </line>
            <line>
              <![CDATA[STEP592]]>
            </line>
            <line>
              <![CDATA[STEP593]]>
            </line>
            <line>
              <![CDATA[STEP594]]>
            </line>
            <line>
              <![CDATA[STEP595]]>
            </line>
            <line>
              <![CDATA[STEP596]]>
            </line>
            <line>
              <![CDATA[STEP597]]>
            </line>
            <line>
              <![CDATA[STEP598]]>
            </line>
            <line>
              <![CDATA[STEP599]]>
            </line>
            <line>
              <![CDATA[STEP600]]>
            </line>
            <line>
              <![CDATA[STEP601]]>
            </line>
            <line>
              <![CDATA[STEP602]]>
            </line>
            <line>
              <![CDATA[STEP603]]>
            </line>
            <line>
              <![CDATA[STEP604]]>
            </line>
            <line>
              <![CDATA[STEP605]]>
            </line>
            <line>
              <![CDATA[STEP606]]>
            </line>
          </reporter-output>
        </test-method> <!-- comments -->
        <test-method status="PASS" signature="verifyLink()[pri:40, instance:cms.tcases.Comments_tc@1621a02b]" name="verifyLink" duration-ms="9049" started-at="2018-06-11T14:36:21Z" finished-at="2018-06-11T14:36:30Z">
          <reporter-output>
            <line>
              <![CDATA[STEP607]]>
            </line>
            <line>
              <![CDATA[STEP608]]>
            </line>
            <line>
              <![CDATA[STEP609]]>
            </line>
            <line>
              <![CDATA[STEP610]]>
            </line>
            <line>
              <![CDATA[STEP611]]>
            </line>
            <line>
              <![CDATA[STEP612]]>
            </line>
            <line>
              <![CDATA[STEP613]]>
            </line>
          </reporter-output>
        </test-method> <!-- verifyLink -->
      </class> <!-- cms.tcases.Comments_tc -->
      <class name="cms.tcases.Services_tc">
        <test-method status="PASS" signature="Login(java.lang.String, java.lang.String, java.lang.String, java.lang.String, java.lang.String, java.lang.String, java.lang.String, java.lang.String, java.lang.String, java.lang.String, java.lang.String, java.lang.String, java.lang.String)[pri:31, instance:cms.tcases.Services_tc@29fd5dc4]" name="Login" duration-ms="23271" started-at="2018-06-11T14:29:51Z" data-provider="Login" finished-at="2018-06-11T14:30:14Z">
          <params>
            <param index="0">
              <value>
                <![CDATA[Card]]>
              </value>
            </param>
            <param index="1">
              <value>
                <![CDATA[4726451234004059]]>
              </value>
            </param>
            <param index="2">
              <value>
                <![CDATA[0012001223234]]>
              </value>
            </param>
            <param index="3">
              <value>
                <![CDATA[Akash]]>
              </value>
            </param>
            <param index="4">
              <value>
                <![CDATA[Patil]]>
              </value>
            </param>
            <param index="5">
              <value>
                <![CDATA[]]>
              </value>
            </param>
            <param index="6">
              <value>
                <![CDATA[akashm@fss.co]]>
              </value>
            </param>
            <param index="7">
              <value>
                <![CDATA[G43343434]]>
              </value>
            </param>
            <param index="8">
              <value>
                <![CDATA[]]>
              </value>
            </param>
            <param index="9">
              <value>
                <![CDATA[]]>
              </value>
            </param>
            <param index="10">
              <value>
                <![CDATA[]]>
              </value>
            </param>
            <param index="11">
              <value>
                <![CDATA[123400000071]]>
              </value>
            </param>
            <param index="12">
              <value>
                <![CDATA[Services]]>
              </value>
            </param>
          </params>
          <reporter-output>
            <line>
              <![CDATA[STEP484]]>
            </line>
            <line>
              <![CDATA[STEP485]]>
            </line>
            <line>
              <![CDATA[STEP486]]>
            </line>
            <line>
              <![CDATA[STEP487]]>
            </line>
            <line>
              <![CDATA[STEP488]]>
            </line>
            <line>
              <![CDATA[STEP489]]>
            </line>
            <line>
              <![CDATA[STEP490]]>
            </line>
            <line>
              <![CDATA[STEP491]]>
            </line>
            <line>
              <![CDATA[STEP492]]>
            </line>
            <line>
              <![CDATA[STEP493]]>
            </line>
            <line>
              <![CDATA[STEP494]]>
            </line>
            <line>
              <![CDATA[STEP495]]>
            </line>
          </reporter-output>
        </test-method> <!-- Login -->
        <test-method status="PASS" signature="VerifyStatement(java.lang.String, java.lang.String, java.lang.String, java.lang.String, java.lang.String, java.lang.String, java.lang.String, java.lang.String, java.lang.String, java.lang.String, java.lang.String, java.lang.String, java.lang.String, java.lang.String, java.lang.String, java.lang.String, java.lang.String, java.lang.String, java.lang.String, java.lang.String, java.lang.String, java.lang.String, java.lang.String, java.lang.String, java.lang.String, java.lang.String, java.lang.String)[pri:32, instance:cms.tcases.Services_tc@29fd5dc4]" name="VerifyStatement" duration-ms="60898" started-at="2018-06-11T14:30:14Z" data-provider="VerifyStatement" finished-at="2018-06-11T14:31:15Z">
          <params>
            <param index="0">
              <value>
                <![CDATA[Services]]>
              </value>
            </param>
            <param index="1">
              <value>
                <![CDATA[accountNo]]>
              </value>
            </param>
            <param index="2">
              <value>
                <![CDATA[year]]>
              </value>
            </param>
            <param index="3">
              <value>
                <![CDATA[month]]>
              </value>
            </param>
            <param index="4">
              <value>
                <![CDATA[ToYear]]>
              </value>
            </param>
            <param index="5">
              <value>
                <![CDATA[ToMonth]]>
              </value>
            </param>
            <param index="6">
              <value>
                <![CDATA[View Statement]]>
              </value>
            </param>
            <param index="7">
              <value>
                <![CDATA[E-mail Statement]]>
              </value>
            </param>
            <param index="8">
              <value>
                <![CDATA[USD A/C – 1234001773237]]>
              </value>
            </param>
            <param index="9">
              <value>
                <![CDATA[2017]]>
              </value>
            </param>
            <param index="10">
              <value>
                <![CDATA[JAN]]>
              </value>
            </param>
            <param index="11">
              <value>
                <![CDATA[2017]]>
              </value>
            </param>
            <param index="12">
              <value>
                <![CDATA[DEC]]>
              </value>
            </param>
            <param index="13">
              <value>
                <![CDATA[View Account Statement]]>
              </value>
            </param>
            <param index="14">
              <value>
                <![CDATA[4726451234004059]]>
              </value>
            </param>
            <param index="15">
              <value>
                <![CDATA[Sr.No.]]>
              </value>
            </param>
            <param index="16">
              <value>
                <![CDATA[Transaction Date]]>
              </value>
            </param>
            <param index="17">
              <value>
                <![CDATA[Unique Txn ID(Invoice No)]]>
              </value>
            </param>
            <param index="18">
              <value>
                <![CDATA[Transaction Description]]>
              </value>
            </param>
            <param index="19">
              <value>
                <![CDATA[Transaction Currency]]>
              </value>
            </param>
            <param index="20">
              <value>
                <![CDATA[Transaction Amount]]>
              </value>
            </param>
            <param index="21">
              <value>
                <![CDATA[Billing Currency]]>
              </value>
            </param>
            <param index="22">
              <value>
                <![CDATA[Billing Amount]]>
              </value>
            </param>
            <param index="23">
              <value>
                <![CDATA[Credit/Debit flag]]>
              </value>
            </param>
            <param index="24">
              <value>
                <![CDATA[CSV]]>
              </value>
            </param>
            <param index="25">
              <value>
                <![CDATA[Excel]]>
              </value>
            </param>
            <param index="26">
              <value>
                <![CDATA[PDF]]>
              </value>
            </param>
          </params>
          <reporter-output>
            <line>
              <![CDATA[STEP496]]>
            </line>
            <line>
              <![CDATA[STEP497]]>
            </line>
            <line>
              <![CDATA[STEP498]]>
            </line>
            <line>
              <![CDATA[STEP499]]>
            </line>
            <line>
              <![CDATA[STEP500]]>
            </line>
            <line>
              <![CDATA[STEP501]]>
            </line>
            <line>
              <![CDATA[STEP502]]>
            </line>
            <line>
              <![CDATA[STEP503]]>
            </line>
            <line>
              <![CDATA[STEP504]]>
            </line>
            <line>
              <![CDATA[STEP505]]>
            </line>
            <line>
              <![CDATA[STEP506]]>
            </line>
            <line>
              <![CDATA[STEP507]]>
            </line>
            <line>
              <![CDATA[STEP508]]>
            </line>
            <line>
              <![CDATA[STEP509]]>
            </line>
            <line>
              <![CDATA[STEP510]]>
            </line>
            <line>
              <![CDATA[STEP511]]>
            </line>
            <line>
              <![CDATA[STEP512]]>
            </line>
            <line>
              <![CDATA[STEP513]]>
            </line>
            <line>
              <![CDATA[STEP514]]>
            </line>
            <line>
              <![CDATA[STEP515]]>
            </line>
            <line>
              <![CDATA[STEP516]]>
            </line>
            <line>
              <![CDATA[STEP517]]>
            </line>
            <line>
              <![CDATA[STEP518]]>
            </line>
            <line>
              <![CDATA[STEP519]]>
            </line>
            <line>
              <![CDATA[STEP520]]>
            </line>
            <line>
              <![CDATA[STEP521]]>
            </line>
            <line>
              <![CDATA[STEP522]]>
            </line>
          </reporter-output>
        </test-method> <!-- VerifyStatement -->
        <test-method status="PASS" signature="ViewStatement(java.lang.String, java.lang.String, java.lang.String, java.lang.String, java.lang.String)[pri:33, instance:cms.tcases.Services_tc@29fd5dc4]" name="ViewStatement" duration-ms="35749" started-at="2018-06-11T14:31:15Z" data-provider="ViewStatement" finished-at="2018-06-11T14:31:51Z">
          <params>
            <param index="0">
              <value>
                <![CDATA[USD A/C – 1234001773237]]>
              </value>
            </param>
            <param index="1">
              <value>
                <![CDATA[2018]]>
              </value>
            </param>
            <param index="2">
              <value>
                <![CDATA[JUN]]>
              </value>
            </param>
            <param index="3">
              <value>
                <![CDATA[2018]]>
              </value>
            </param>
            <param index="4">
              <value>
                <![CDATA[FEB]]>
              </value>
            </param>
          </params>
          <reporter-output>
            <line>
              <![CDATA[STEP523]]>
            </line>
            <line>
              <![CDATA[STEP524]]>
            </line>
            <line>
              <![CDATA[STEP525]]>
            </line>
            <line>
              <![CDATA[STEP526]]>
            </line>
            <line>
              <![CDATA[STEP527]]>
            </line>
            <line>
              <![CDATA[STEP528]]>
            </line>
          </reporter-output>
        </test-method> <!-- ViewStatement -->
        <test-method status="PASS" signature="ViewStatement(java.lang.String, java.lang.String, java.lang.String, java.lang.String, java.lang.String)[pri:33, instance:cms.tcases.Services_tc@29fd5dc4]" name="ViewStatement" duration-ms="35745" started-at="2018-06-11T14:31:51Z" data-provider="ViewStatement" finished-at="2018-06-11T14:32:27Z">
          <params>
            <param index="0">
              <value>
                <![CDATA[USD A/C – 1234001773237]]>
              </value>
            </param>
            <param index="1">
              <value>
                <![CDATA[2018]]>
              </value>
            </param>
            <param index="2">
              <value>
                <![CDATA[AUG]]>
              </value>
            </param>
            <param index="3">
              <value>
                <![CDATA[2017]]>
              </value>
            </param>
            <param index="4">
              <value>
                <![CDATA[DEC]]>
              </value>
            </param>
          </params>
          <reporter-output>
            <line>
              <![CDATA[STEP529]]>
            </line>
            <line>
              <![CDATA[STEP530]]>
            </line>
            <line>
              <![CDATA[STEP531]]>
            </line>
            <line>
              <![CDATA[STEP532]]>
            </line>
            <line>
              <![CDATA[STEP533]]>
            </line>
            <line>
              <![CDATA[STEP534]]>
            </line>
          </reporter-output>
        </test-method> <!-- ViewStatement -->
        <test-method status="PASS" signature="ViewStatement(java.lang.String, java.lang.String, java.lang.String, java.lang.String, java.lang.String)[pri:33, instance:cms.tcases.Services_tc@29fd5dc4]" name="ViewStatement" duration-ms="35500" started-at="2018-06-11T14:32:27Z" data-provider="ViewStatement" finished-at="2018-06-11T14:33:02Z">
          <params>
            <param index="0">
              <value>
                <![CDATA[USD A/C – 1234001773237]]>
              </value>
            </param>
            <param index="1">
              <value>
                <![CDATA[2016]]>
              </value>
            </param>
            <param index="2">
              <value>
                <![CDATA[AUG]]>
              </value>
            </param>
            <param index="3">
              <value>
                <![CDATA[2017]]>
              </value>
            </param>
            <param index="4">
              <value>
                <![CDATA[DEC]]>
              </value>
            </param>
          </params>
          <reporter-output>
            <line>
              <![CDATA[STEP535]]>
            </line>
            <line>
              <![CDATA[STEP536]]>
            </line>
            <line>
              <![CDATA[STEP537]]>
            </line>
            <line>
              <![CDATA[STEP538]]>
            </line>
            <line>
              <![CDATA[STEP539]]>
            </line>
            <line>
              <![CDATA[STEP540]]>
            </line>
          </reporter-output>
        </test-method> <!-- ViewStatement -->
        <test-method status="PASS" signature="ViewStatement(java.lang.String, java.lang.String, java.lang.String, java.lang.String, java.lang.String)[pri:33, instance:cms.tcases.Services_tc@29fd5dc4]" name="ViewStatement" duration-ms="35562" started-at="2018-06-11T14:33:02Z" data-provider="ViewStatement" finished-at="2018-06-11T14:33:38Z">
          <params>
            <param index="0">
              <value>
                <![CDATA[USD A/C – 1234001773237]]>
              </value>
            </param>
            <param index="1">
              <value>
                <![CDATA[2017]]>
              </value>
            </param>
            <param index="2">
              <value>
                <![CDATA[JUL]]>
              </value>
            </param>
            <param index="3">
              <value>
                <![CDATA[2017]]>
              </value>
[...]
        <test-method status="PASS" signature="createCall()[pri:18, instance:cms.tcases.CreateCall_tc@42fc652e]" name="createCall" duration-ms="9243" started-at="2018-06-11T14:24:38Z" finished-at="2018-06-11T14:24:47Z">
          <reporter-output>
            <line>
              <![CDATA[STEP243]]>
            </line>
            <line>
              <![CDATA[STEP244]]>
            </line>
            <line>
              <![CDATA[STEP245]]>
            </line>
            <line>
              <![CDATA[STEP246]]>
            </line>
            <line>
              <![CDATA[STEP247]]>
            </line>
            <line>
              <![CDATA[STEP248]]>
            </line>
          </reporter-output>
        </test-method> <!-- createCall -->
      </class> <!-- cms.tcases.CreateCall_tc -->
      <class name="cms.tcases.Card_Status_tc">
        <test-method status="PASS" signature="screenVerify(java.lang.String, java.lang.String, java.lang.String, java.lang.String, java.lang.String, java.lang.String, java.lang.String, java.lang.String, java.lang.String, java.lang.String, java.lang.String, java.lang.String, java.lang.String, java.lang.String, java.lang.String, java.lang.String, java.lang.String, java.lang.String, java.lang.String)[pri:22, instance:cms.tcases.Card_Status_tc@3bcb55c5]" name="screenVerify" duration-ms="36344" started-at="2018-06-11T14:26:48Z" data-provider="Card_Status_Screenverify" finished-at="2018-06-11T14:27:24Z">
          <params>
            <param index="0">
              <value>
                <![CDATA[Card]]>
              </value>
            </param>
            <param index="1">
              <value>
                <![CDATA[4614610016042125]]>
              </value>
            </param>
            <param index="2">
              <value>
                <![CDATA[0012001223234]]>
              </value>
            </param>
            <param index="3">
              <value>
                <![CDATA[Akash]]>
              </value>
            </param>
            <param index="4">
              <value>
                <![CDATA[Patil]]>
              </value>
            </param>
            <param index="5">
              <value>
                <![CDATA[]]>
              </value>
            </param>
            <param index="6">
              <value>
                <![CDATA[akashm@fss.co]]>
              </value>
            </param>
            <param index="7">
              <value>
                <![CDATA[G43343434]]>
              </value>
            </param>
            <param index="8">
              <value>
                <![CDATA[]]>
              </value>
            </param>
            <param index="9">
              <value>
                <![CDATA[]]>
              </value>
            </param>
            <param index="10">
              <value>
                <![CDATA[]]>
              </value>
            </param>
            <param index="11">
              <value>
                <![CDATA[123400000071]]>
              </value>
            </param>
            <param index="12">
              <value>
                <![CDATA[Card Status]]>
              </value>
            </param>
            <param index="13">
              <value>
                <![CDATA[Card Number]]>
              </value>
            </param>
            <param index="14">
              <value>
                <![CDATA[Current Card Status]]>
              </value>
            </param>
            <param index="15">
              <value>
                <![CDATA[Application Status]]>
              </value>
            </param>
            <param index="16">
              <value>
                <![CDATA[Change Card Status To]]>
              </value>
            </param>
            <param index="17">
              <value>
                <![CDATA[Remarks]]>
              </value>
            </param>
            <param index="18">
              <value>
                <![CDATA[Change Card Status Button]]>
              </value>
            </param>
          </params>
          <reporter-output>
            <line>
              <![CDATA[STEP368]]>
            </line>
            <line>
              <![CDATA[STEP369]]>
            </line>
            <line>
              <![CDATA[STEP370]]>
            </line>
            <line>
              <![CDATA[STEP371]]>
            </line>
            <line>
              <![CDATA[STEP372]]>
            </line>
            <line>
              <![CDATA[STEP373]]>
            </line>
            <line>
              <![CDATA[STEP374]]>
            </line>
            <line>
              <![CDATA[STEP375]]>
            </line>
            <line>
              <![CDATA[STEP376]]>
            </line>
            <line>
              <![CDATA[STEP377]]>
            </line>
            <line>
              <![CDATA[STEP378]]>
            </line>
            <line>
              <![CDATA[STEP379]]>
            </line>
            <line>
              <![CDATA[STEP380]]>
            </line>
            <line>
              <![CDATA[STEP381]]>
            </line>
            <line>
              <![CDATA[STEP382]]>
            </line>
            <line>
              <![CDATA[STEP383]]>
            </line>
            <line>
              <![CDATA[STEP384]]>
            </line>
            <line>
              <![CDATA[STEP385]]>
            </line>
            <line>
              <![CDATA[STEP386]]>
            </line>
          </reporter-output>
        </test-method> <!-- screenVerify -->
        <test-method status="PASS" signature="card_Status_Change(java.lang.String, java.lang.String, java.lang.String, java.lang.String)[pri:23, instance:cms.tcases.Card_Status_tc@3bcb55c5]" name="card_Status_Change" duration-ms="8175" started-at="2018-06-11T14:27:24Z" data-provider="Card_Status_Change" finished-at="2018-06-11T14:27:32Z">
          <params>
            <param index="0">
              <value>
                <![CDATA[Activate]]>
              </value>
            </param>
            <param index="1">
              <value>
                <![CDATA[Lost-Stolen]]>
              </value>
            </param>
            <param index="2">
              <value>
                <![CDATA[Activate]]>
              </value>
            </param>
            <param index="3">
              <value>
                <![CDATA[Please Change the card]]>
              </value>
            </param>
          </params>
          <reporter-output>
            <line>
              <![CDATA[STEP387]]>
            </line>
            <line>
              <![CDATA[STEP388]]>
            </line>
            <line>
              <![CDATA[STEP389]]>
            </line>
            <line>
              <![CDATA[STEP390]]>
            </line>
            <line>
              <![CDATA[STEP391]]>
            </line>
          </reporter-output>
        </test-method> <!-- card_Status_Change -->
        <test-method status="PASS" signature="activate(java.lang.String, java.lang.String, java.lang.String, java.lang.String)[pri:24, instance:cms.tcases.Card_Status_tc@3bcb55c5]" name="activate" duration-ms="14809" started-at="2018-06-11T14:27:32Z" data-provider="Activate" finished-at="2018-06-11T14:27:47Z">
          <params>
            <param index="0">
              <value>
                <![CDATA[Lost-Stolen]]>
              </value>
            </param>
            <param index="1">
              <value>
                <![CDATA[Activate]]>
              </value>
            </param>
            <param index="2">
              <value>
                <![CDATA[Activate]]>
              </value>
            </param>
            <param index="3">
              <value>
                <![CDATA[Please Change the card]]>
              </value>
            </param>
          </params>
          <reporter-output>
            <line>
              <![CDATA[STEP392]]>
            </line>
            <line>
              <![CDATA[STEP393]]>
            </line>
            <line>
              <![CDATA[STEP394]]>
            </line>
            <line>
              <![CDATA[STEP395]]>
            </line>
            <line>
              <![CDATA[STEP396]]>
            </line>
            <line>
              <![CDATA[STEP397]]>
            </line>
            <line>
              <![CDATA[STEP398]]>
            </line>
            <line>
              <![CDATA[STEP399]]>
            </line>
            <line>
              <![CDATA[STEP400]]>
            </line>
          </reporter-output>
        </test-method> <!-- activate -->
        <test-method status="PASS" signature="card_Status_Change1(java.lang.String, java.lang.String, java.lang.String, java.lang.String)[pri:25, instance:cms.tcases.Card_Status_tc@3bcb55c5]" name="card_Status_Change1" duration-ms="8198" started-at="2018-06-11T14:27:47Z" data-provider="Card_Status_Change1" finished-at="2018-06-11T14:27:55Z">
          <params>
            <param index="0">
              <value>
                <![CDATA[Lost-Stolen]]>
              </value>
            </param>
            <param index="1">
              <value>
                <![CDATA[Lost-Stolen]]>
              </value>
            </param>
            <param index="2">
              <value>
                <![CDATA[Activate]]>
              </value>
            </param>
            <param index="3">
              <value>
                <![CDATA[Please Change the card]]>
              </value>
            </param>
          </params>
          <reporter-output>
            <line>
              <![CDATA[STEP401]]>
            </line>
            <line>
              <![CDATA[STEP402]]>
            </line>
            <line>
              <![CDATA[STEP403]]>
            </line>
            <line>
              <![CDATA[STEP404]]>
            </line>
            <line>
              <![CDATA[STEP405]]>
            </line>
          </reporter-output>
        </test-method> <!-- card_Status_Change1 -->
        <test-method status="PASS" signature="callClose()[pri:26, instance:cms.tcases.Card_Status_tc@3bcb55c5]" name="callClose" duration-ms="5625" started-at="2018-06-11T14:27:55Z" finished-at="2018-06-11T14:28:01Z">
          <reporter-output>
            <line>
              <![CDATA[STEP406]]>
            </line>
            <line>
              <![CDATA[STEP407]]>
            </line>
            <line>
              <![CDATA[STEP408]]>
            </line>
          </reporter-output>
        </test-method> <!-- callClose -->
      </class> <!-- cms.tcases.Card_Status_tc -->
      <class name="cms.tcases.FeePlan_tc">
        <test-method status="PASS" signature="viewfeeplan(java.lang.String, java.lang.String, java.lang.String, java.lang.String, java.lang.String, java.lang.String, java.lang.String, java.lang.String, java.lang.String, java.lang.String, java.lang.String, java.lang.String, java.lang.String, java.lang.String, java.lang.String, java.lang.String, java.lang.String, java.lang.String)[pri:27, instance:cms.tcases.FeePlan_tc@226c172e]" name="viewfeeplan" duration-ms="32916" started-at="2018-06-11T14:28:01Z" data-provider="ViewFeePlan" finished-at="2018-06-11T14:28:34Z">
          <params>
            <param index="0">
              <value>
                <![CDATA[Card]]>
              </value>
            </param>
            <param index="1">
              <value>
                <![CDATA[4726450012000982]]>
              </value>
            </param>
            <param index="2">
              <value>
                <![CDATA[0012001223234]]>
              </value>
            </param>
            <param index="3">
              <value>
                <![CDATA[Akash]]>
              </value>
            </param>
            <param index="4">
              <value>
                <![CDATA[Patil]]>
              </value>
            </param>
            <param index="5">
              <value>
                <![CDATA[]]>
              </value>
            </param>
            <param index="6">
              <value>
                <![CDATA[akashm@fss.co]]>
              </value>
            </param>
            <param index="7">
              <value>
                <![CDATA[G43343434]]>
              </value>
            </param>
            <param index="8">
              <value>
                <![CDATA[]]>
              </value>
            </param>
            <param index="9">
              <value>
                <![CDATA[]]>
              </value>
            </param>
            <param index="10">
              <value>
                <![CDATA[]]>
              </value>
            </param>
            <param index="11">
              <value>
                <![CDATA[123400000071]]>
              </value>
            </param>
            <param index="12">
              <value>
                <![CDATA[Fee Plan]]>
              </value>
            </param>
            <param index="13">
              <value>
                <![CDATA[Edit Fee Plan]]>
              </value>
            </param>
            <param index="14">
              <value>
                <![CDATA[Card Number]]>
              </value>
            </param>
            <param index="15">
              <value>
                <![CDATA[Fee Plan]]>
              </value>
            </param>
            <param index="16">
              <value>
                <![CDATA[Effective Date]]>
              </value>
            </param>
            <param index="17">
              <value>
                <![CDATA[View Fee Plan Detail]]>
              </value>
            </param>
          </params>
          <reporter-output>
            <line>
              <![CDATA[STEP409]]>
            </line>
            <line>
              <![CDATA[STEP410]]>
            </line>
            <line>
              <![CDATA[STEP411]]>
            </line>
            <line>
              <![CDATA[STEP412]]>
            </line>
            <line>
              <![CDATA[STEP413]]>
            </line>
            <line>
              <![CDATA[STEP414]]>
            </line>
            <line>
              <![CDATA[STEP415]]>
            </line>
            <line>
              <![CDATA[STEP416]]>
            </line>
            <line>
              <![CDATA[STEP417]]>
            </line>
            <line>
              <![CDATA[STEP418]]>
            </line>
            <line>
              <![CDATA[STEP419]]>
            </line>
            <line>
              <![CDATA[STEP420]]>
            </line>
            <line>
              <![CDATA[STEP421]]>
            </line>
            <line>
              <![CDATA[STEP422]]>
            </line>
            <line>
              <![CDATA[STEP423]]>
            </line>
            <line>
              <![CDATA[STEP424]]>
            </line>
            <line>
              <![CDATA[STEP425]]>
            </line>
            <line>
              <![CDATA[STEP426]]>
            </line>
          </reporter-output>
        </test-method> <!-- viewfeeplan -->
        <test-method status="PASS" signature="editfeeplan(java.lang.String, java.lang.String)[pri:28, instance:cms.tcases.FeePlan_tc@226c172e]" name="editfeeplan" duration-ms="5240" started-at="2018-06-11T14:28:34Z" data-provider="EditFeePlan" finished-at="2018-06-11T14:28:39Z">
          <params>
            <param index="0">
              <value>
                <![CDATA[TOP UP FEE PLAN]]>
              </value>
            </param>
            <param index="1">
              <value>
                <![CDATA[Fee Plan Selected]]>
              </value>
            </param>
          </params>
          <reporter-output>
            <line>
              <![CDATA[STEP427]]>
            </line>
            <line>
              <![CDATA[STEP428]]>
            </line>
            <line>
              <![CDATA[STEP429]]>
            </line>
            <line>
              <![CDATA[STEP430]]>
            </line>
            <line>
              <![CDATA[STEP431]]>
            </line>
          </reporter-output>
        </test-method> <!-- editfeeplan -->
        <test-method status="PASS" signature="editfeeplan(java.lang.String, java.lang.String)[pri:28, instance:cms.tcases.FeePlan_tc@226c172e]" name="editfeeplan" duration-ms="5115" started-at="2018-06-11T14:28:39Z" data-provider="EditFeePlan" finished-at="2018-06-11T14:28:44Z">
          <params>
            <param index="0">
              <value>
                <![CDATA[TRAN FEE PLAN]]>
              </value>
            </param>
            <param index="1">
              <value>
                <![CDATA[Fee Plan Selected]]>
              </value>
            </param>
          </params>
          <reporter-output>
            <line>
              <![CDATA[STEP432]]>
            </line>
            <line>
              <![CDATA[STEP433]]>
            </line>
            <line>
              <![CDATA[STEP434]]>
            </line>
            <line>
              <![CDATA[STEP435]]>
            </line>
            <line>
              <![CDATA[STEP436]]>
            </line>
          </reporter-output>
        </test-method> <!-- editfeeplan -->
        <test-method status="PASS" signature="editfeeplan(java.lang.String, java.lang.String)[pri:28, instance:cms.tcases.FeePlan_tc@226c172e]" name="editfeeplan" duration-ms="5066" started-at="2018-06-11T14:28:44Z" data-provider="EditFeePlan" finished-at="2018-06-11T14:28:49Z">
          <params>
            <param index="0">
              <value>
                <![CDATA[POSPURCHASEFEE]]>
              </value>
            </param>
            <param index="1">
              <value>
                <![CDATA[Fee Plan Selected]]>
              </value>
            </param>
          </params>
          <reporter-output>
            <line>
              <![CDATA[STEP437]]>
            </line>
            <line>
              <![CDATA[STEP438]]>
            </line>
            <line>
              <![CDATA[STEP439]]>
            </line>
            <line>
              <![CDATA[STEP440]]>
            </line>
            <line>
              <![CDATA[STEP441]]>
            </line>
          </reporter-output>
        </test-method> <!-- editfeeplan -->
        <test-method status="PASS" signature="editfeeplan(java.lang.String, java.lang.String)[pri:28, instance:cms.tcases.FeePlan_tc@226c172e]" name="editfeeplan" duration-ms="5237" started-at="2018-06-11T14:28:49Z" data-provider="EditFeePlan" finished-at="2018-06-11T14:28:55Z">
          <params>
            <param index="0">
              <value>
                <![CDATA[IVR FEE PLAN]]>
              </value>
            </param>
            <param index="1">
              <value>
                <![CDATA[Fee Plan Selected]]>
              </value>
            </param>
          </params>
          <reporter-output>
            <line>
              <![CDATA[STEP442]]>
            </line>
            <line>
              <![CDATA[STEP443]]>
            </line>
            <line>
              <![CDATA[STEP444]]>
            </line>
            <line>
              <![CDATA[STEP445]]>
            </line>
            <line>
              <![CDATA[STEP446]]>
            </line>
          </reporter-output>
        </test-method> <!-- editfeeplan -->
        <test-method status="PASS" signature="callClose()[pri:29, instance:cms.tcases.FeePlan_tc@226c172e]" name="callClose" duration-ms="5150" started-at="2018-06-11T14:28:55Z" finished-at="2018-06-11T14:29:00Z">
          <reporter-output>
            <line>
              <![CDATA[STEP447]]>
            </line>
            <line>
              <![CDATA[STEP448]]>
            </line>
            <line>
              <![CDATA[STEP449]]>
            </line>
          </reporter-output>
        </test-method> <!-- callClose -->
      </class> <!-- cms.tcases.FeePlan_tc -->
    </test> <!-- Test -->
  </suite> <!-- Suite -->
</testng-results>
