<?xml version="1.0" encoding="UTF-8"?>
<!-- Generated by org.testng.reporters.JUnitXMLReporter -->
<testsuite hostname="Mary-PC" name="Default test" tests="4" failures="0" timestamp="16 Aug 2019 05:11:53 GMT" time="63.822" errors="0">
  <testcase name="registerPage" time="0.375" classname="datadriventest.DataProviderAnnoTest"/>
  <testcase name="registerPage" time="0.282" classname="datadriventest.DataProviderAnnoTest"/>
  <testcase name="registerPage" time="0.353" classname="datadriventest.DataProviderAnnoTest"/>
  <testcase name="registerPage" time="2.155" classname="datadriventest.DataProviderAnnoTest"/>
</testsuite> <!-- Default test -->
